QStandardPaths: XDG_RUNTIME_DIR not set, defaulting to '/tmp/runtime-root'
ALSA lib confmisc.c:855:(parse_card) cannot find card '0'
ALSA lib conf.c:5204:(_snd_config_evaluate) function snd_func_card_inum returned error: No such file or directory
ALSA lib confmisc.c:422:(snd_func_concat) error evaluating strings
ALSA lib conf.c:5204:(_snd_config_evaluate) function snd_func_concat returned error: No such file or directory
ALSA lib confmisc.c:1342:(snd_func_refer) error evaluating name
ALSA lib conf.c:5204:(_snd_config_evaluate) function snd_func_refer returned error: No such file or directory
ALSA lib conf.c:5727:(snd_config_expand) Evaluate error: No such file or directory
ALSA lib pcm.c:2721:(snd_pcm_open_noupdate) Unknown PCM default
16:52:748 Scripting/Python/Modules/doliomodule.cpp:26 N[Scripting]: Script stdout: [slave 1] starting
16:53:690 Scripting/Python/Modules/doliomodule.cpp:26 N[Scripting]: Script stdout: [slave 1] connected to master :26331
16:53:816 Scripting/Python/Modules/doliomodule.cpp:26 N[Scripting]: Script stdout: [slave 1] init handshake complete; entering main loop
QStandardPaths: XDG_RUNTIME_DIR not set, defaulting to '/tmp/runtime-root'
ALSA lib confmisc.c:855:(parse_card) cannot find card '0'
ALSA lib conf.c:5204:(_snd_config_evaluate) function snd_func_card_inum returned error: No such file or directory
ALSA lib confmisc.c:422:(snd_func_concat) error evaluating strings
ALSA lib conf.c:5204:(_snd_config_evaluate) function snd_func_concat returned error: No such file or directory
ALSA lib confmisc.c:1342:(snd_func_refer) error evaluating name
ALSA lib conf.c:5204:(_snd_config_evaluate) function snd_func_refer returned error: No such file or directory
ALSA lib conf.c:5727:(snd_config_expand) Evaluate error: No such file or directory
ALSA lib pcm.c:2721:(snd_pcm_open_noupdate) Unknown PCM default
17:04:882 Scripting/Python/Modules/doliomodule.cpp:26 N[Scripting]: Script stdout: [slave 1] starting
17:05:966 Scripting/Python/Modules/doliomodule.cpp:26 N[Scripting]: Script stdout: [slave 1] connected to master :26331
17:06:075 Scripting/Python/Modules/doliomodule.cpp:26 N[Scripting]: Script stdout: [slave 1] init handshake complete; entering main loop
QStandardPaths: XDG_RUNTIME_DIR not set, defaulting to '/tmp/runtime-root'
ALSA lib confmisc.c:855:(parse_card) cannot find card '0'
ALSA lib conf.c:5204:(_snd_config_evaluate) function snd_func_card_inum returned error: No such file or directory
ALSA lib confmisc.c:422:(snd_func_concat) error evaluating strings
ALSA lib conf.c:5204:(_snd_config_evaluate) function snd_func_concat returned error: No such file or directory
ALSA lib confmisc.c:1342:(snd_func_refer) error evaluating name
ALSA lib conf.c:5204:(_snd_config_evaluate) function snd_func_refer returned error: No such file or directory
ALSA lib conf.c:5727:(snd_config_expand) Evaluate error: No such file or directory
ALSA lib pcm.c:2721:(snd_pcm_open_noupdate) Unknown PCM default
17:15:379 Scripting/Python/Modules/doliomodule.cpp:26 N[Scripting]: Script stdout: [slave 1] starting
17:16:393 Scripting/Python/Modules/doliomodule.cpp:26 N[Scripting]: Script stdout: [slave 1] connected to master :26331
17:16:497 Scripting/Python/Modules/doliomodule.cpp:26 N[Scripting]: Script stdout: [slave 1] init handshake complete; entering main loop
QStandardPaths: XDG_RUNTIME_DIR not set, defaulting to '/tmp/runtime-root'
ALSA lib confmisc.c:855:(parse_card) cannot find card '0'
ALSA lib conf.c:5204:(_snd_config_evaluate) function snd_func_card_inum returned error: No such file or directory
ALSA lib confmisc.c:422:(snd_func_concat) error evaluating strings
ALSA lib conf.c:5204:(_snd_config_evaluate) function snd_func_concat returned error: No such file or directory
ALSA lib confmisc.c:1342:(snd_func_refer) error evaluating name
ALSA lib conf.c:5204:(_snd_config_evaluate) function snd_func_refer returned error: No such file or directory
ALSA lib conf.c:5727:(snd_config_expand) Evaluate error: No such file or directory
ALSA lib pcm.c:2721:(snd_pcm_open_noupdate) Unknown PCM default
17:38:138 Scripting/Python/Modules/doliomodule.cpp:26 N[Scripting]: Script stdout: [slave 1] starting
17:39:142 Scripting/Python/Modules/doliomodule.cpp:26 N[Scripting]: Script stdout: [slave 1] connected to master :26331
17:39:245 Scripting/Python/Modules/doliomodule.cpp:26 N[Scripting]: Script stdout: [slave 1] init handshake complete; entering main loop
QStandardPaths: XDG_RUNTIME_DIR not set, defaulting to '/tmp/runtime-root'
ALSA lib confmisc.c:855:(parse_card) cannot find card '0'
ALSA lib conf.c:5204:(_snd_config_evaluate) function snd_func_card_inum returned error: No such file or directory
ALSA lib confmisc.c:422:(snd_func_concat) error evaluating strings
ALSA lib conf.c:5204:(_snd_config_evaluate) function snd_func_concat returned error: No such file or directory
ALSA lib confmisc.c:1342:(snd_func_refer) error evaluating name
ALSA lib conf.c:5204:(_snd_config_evaluate) function snd_func_refer returned error: No such file or directory
ALSA lib conf.c:5727:(snd_config_expand) Evaluate error: No such file or directory
ALSA lib pcm.c:2721:(snd_pcm_open_noupdate) Unknown PCM default
18:27:338 Scripting/Python/Modules/doliomodule.cpp:26 N[Scripting]: Script stdout: [slave 1] starting
18:28:336 Scripting/Python/Modules/doliomodule.cpp:26 N[Scripting]: Script stdout: [slave 1] connected to master :26331
18:28:434 Scripting/Python/Modules/doliomodule.cpp:26 N[Scripting]: Script stdout: [slave 1] init handshake complete; entering main loop
QStandardPaths: XDG_RUNTIME_DIR not set, defaulting to '/tmp/runtime-root'
ALSA lib confmisc.c:855:(parse_card) cannot find card '0'
ALSA lib conf.c:5204:(_snd_config_evaluate) function snd_func_card_inum returned error: No such file or directory
ALSA lib confmisc.c:422:(snd_func_concat) error evaluating strings
ALSA lib conf.c:5204:(_snd_config_evaluate) function snd_func_concat returned error: No such file or directory
ALSA lib confmisc.c:1342:(snd_func_refer) error evaluating name
ALSA lib conf.c:5204:(_snd_config_evaluate) function snd_func_refer returned error: No such file or directory
ALSA lib conf.c:5727:(snd_config_expand) Evaluate error: No such file or directory
ALSA lib pcm.c:2721:(snd_pcm_open_noupdate) Unknown PCM default
18:39:450 Scripting/Python/Modules/doliomodule.cpp:26 N[Scripting]: Script stdout: [slave 1] starting
18:40:470 Scripting/Python/Modules/doliomodule.cpp:26 N[Scripting]: Script stdout: [slave 1] connected to master :26331
18:40:578 Scripting/Python/Modules/doliomodule.cpp:26 N[Scripting]: Script stdout: [slave 1] init handshake complete; entering main loop
QStandardPaths: XDG_RUNTIME_DIR not set, defaulting to '/tmp/runtime-root'
ALSA lib confmisc.c:855:(parse_card) cannot find card '0'
ALSA lib conf.c:5204:(_snd_config_evaluate) function snd_func_card_inum returned error: No such file or directory
ALSA lib confmisc.c:422:(snd_func_concat) error evaluating strings
ALSA lib conf.c:5204:(_snd_config_evaluate) function snd_func_concat returned error: No such file or directory
ALSA lib confmisc.c:1342:(snd_func_refer) error evaluating name
ALSA lib conf.c:5204:(_snd_config_evaluate) function snd_func_refer returned error: No such file or directory
ALSA lib conf.c:5727:(snd_config_expand) Evaluate error: No such file or directory
ALSA lib pcm.c:2721:(snd_pcm_open_noupdate) Unknown PCM default
18:52:284 Scripting/Python/Modules/doliomodule.cpp:26 N[Scripting]: Script stdout: [slave 1] starting
18:53:346 Scripting/Python/Modules/doliomodule.cpp:26 N[Scripting]: Script stdout: [slave 1] connected to master :26331
18:53:454 Scripting/Python/Modules/doliomodule.cpp:26 N[Scripting]: Script stdout: [slave 1] init handshake complete; entering main loop
QStandardPaths: XDG_RUNTIME_DIR not set, defaulting to '/tmp/runtime-root'
ALSA lib confmisc.c:855:(parse_card) cannot find card '0'
ALSA lib conf.c:5204:(_snd_config_evaluate) function snd_func_card_inum returned error: No such file or directory
ALSA lib confmisc.c:422:(snd_func_concat) error evaluating strings
ALSA lib conf.c:5204:(_snd_config_evaluate) function snd_func_concat returned error: No such file or directory
ALSA lib confmisc.c:1342:(snd_func_refer) error evaluating name
ALSA lib conf.c:5204:(_snd_config_evaluate) function snd_func_refer returned error: No such file or directory
ALSA lib conf.c:5727:(snd_config_expand) Evaluate error: No such file or directory
ALSA lib pcm.c:2721:(snd_pcm_open_noupdate) Unknown PCM default
19:06:255 Scripting/Python/Modules/doliomodule.cpp:26 N[Scripting]: Script stdout: [slave 1] starting
19:07:291 Scripting/Python/Modules/doliomodule.cpp:26 N[Scripting]: Script stdout: [slave 1] connected to master :26331
19:07:382 Scripting/Python/Modules/doliomodule.cpp:26 N[Scripting]: Script stdout: [slave 1] init handshake complete; entering main loop
QStandardPaths: XDG_RUNTIME_DIR not set, defaulting to '/tmp/runtime-root'
ALSA lib confmisc.c:855:(parse_card) cannot find card '0'
ALSA lib conf.c:5204:(_snd_config_evaluate) function snd_func_card_inum returned error: No such file or directory
ALSA lib confmisc.c:422:(snd_func_concat) error evaluating strings
ALSA lib conf.c:5204:(_snd_config_evaluate) function snd_func_concat returned error: No such file or directory
ALSA lib confmisc.c:1342:(snd_func_refer) error evaluating name
ALSA lib conf.c:5204:(_snd_config_evaluate) function snd_func_refer returned error: No such file or directory
ALSA lib conf.c:5727:(snd_config_expand) Evaluate error: No such file or directory
ALSA lib pcm.c:2721:(snd_pcm_open_noupdate) Unknown PCM default
19:19:634 Scripting/Python/Modules/doliomodule.cpp:26 N[Scripting]: Script stdout: [slave 1] starting
19:20:667 Scripting/Python/Modules/doliomodule.cpp:26 N[Scripting]: Script stdout: [slave 1] connected to master :26331
19:20:769 Scripting/Python/Modules/doliomodule.cpp:26 N[Scripting]: Script stdout: [slave 1] init handshake complete; entering main loop
QStandardPaths: XDG_RUNTIME_DIR not set, defaulting to '/tmp/runtime-root'
ALSA lib confmisc.c:855:(parse_card) cannot find card '0'
ALSA lib conf.c:5204:(_snd_config_evaluate) function snd_func_card_inum returned error: No such file or directory
ALSA lib confmisc.c:422:(snd_func_concat) error evaluating strings
ALSA lib conf.c:5204:(_snd_config_evaluate) function snd_func_concat returned error: No such file or directory
ALSA lib confmisc.c:1342:(snd_func_refer) error evaluating name
ALSA lib conf.c:5204:(_snd_config_evaluate) function snd_func_refer returned error: No such file or directory
ALSA lib conf.c:5727:(snd_config_expand) Evaluate error: No such file or directory
ALSA lib pcm.c:2721:(snd_pcm_open_noupdate) Unknown PCM default
19:34:636 Scripting/Python/Modules/doliomodule.cpp:26 N[Scripting]: Script stdout: [slave 1] starting
19:35:641 Scripting/Python/Modules/doliomodule.cpp:26 N[Scripting]: Script stdout: [slave 1] connected to master :26331
19:35:741 Scripting/Python/Modules/doliomodule.cpp:26 N[Scripting]: Script stdout: [slave 1] init handshake complete; entering main loop
QStandardPaths: XDG_RUNTIME_DIR not set, defaulting to '/tmp/runtime-root'
ALSA lib confmisc.c:855:(parse_card) cannot find card '0'
ALSA lib conf.c:5204:(_snd_config_evaluate) function snd_func_card_inum returned error: No such file or directory
ALSA lib confmisc.c:422:(snd_func_concat) error evaluating strings
ALSA lib conf.c:5204:(_snd_config_evaluate) function snd_func_concat returned error: No such file or directory
ALSA lib confmisc.c:1342:(snd_func_refer) error evaluating name
ALSA lib conf.c:5204:(_snd_config_evaluate) function snd_func_refer returned error: No such file or directory
ALSA lib conf.c:5727:(snd_config_expand) Evaluate error: No such file or directory
ALSA lib pcm.c:2721:(snd_pcm_open_noupdate) Unknown PCM default
19:45:888 Scripting/Python/Modules/doliomodule.cpp:26 N[Scripting]: Script stdout: [slave 1] starting
19:46:875 Scripting/Python/Modules/doliomodule.cpp:26 N[Scripting]: Script stdout: [slave 1] connected to master :26331
19:46:976 Scripting/Python/Modules/doliomodule.cpp:26 N[Scripting]: Script stdout: [slave 1] init handshake complete; entering main loop
QStandardPaths: XDG_RUNTIME_DIR not set, defaulting to '/tmp/runtime-root'
ALSA lib confmisc.c:855:(parse_card) cannot find card '0'
ALSA lib conf.c:5204:(_snd_config_evaluate) function snd_func_card_inum returned error: No such file or directory
ALSA lib confmisc.c:422:(snd_func_concat) error evaluating strings
ALSA lib conf.c:5204:(_snd_config_evaluate) function snd_func_concat returned error: No such file or directory
ALSA lib confmisc.c:1342:(snd_func_refer) error evaluating name
ALSA lib conf.c:5204:(_snd_config_evaluate) function snd_func_refer returned error: No such file or directory
ALSA lib conf.c:5727:(snd_config_expand) Evaluate error: No such file or directory
ALSA lib pcm.c:2721:(snd_pcm_open_noupdate) Unknown PCM default
19:57:334 Scripting/Python/Modules/doliomodule.cpp:26 N[Scripting]: Script stdout: [slave 1] starting
19:58:377 Scripting/Python/Modules/doliomodule.cpp:26 N[Scripting]: Script stdout: [slave 1] connected to master :26331
19:58:498 Scripting/Python/Modules/doliomodule.cpp:26 N[Scripting]: Script stdout: [slave 1] init handshake complete; entering main loop

A signal was received. A second signal will force Dolphin to stop.
 The X11 connection broke (error 1). Did the X11 server die?
The X11 connection broke: I/O error (code 1)
X connection to :102 broken (explicit kill or server shutdown).
32:10:979 Scripting/Python/Modules/doliomodule.cpp:26 N[Scripting]: Script stdout: [slave 1] close received, exiting
