  # multi-env rollout; each env_id=0..num_envs-1 gets its own dolphin{i}/
  num_envs: 2
  # With num_envs == 1, dolphin_app points at a single Dolphin install.
  # With num_envs > 1, _make_env appends dolphin{env_id}/ to dolphin_app's
2026-04-23 01:26:14,436 INFO [mkw_rl.rl.train] using CSV logger at runs/btr/luigi_prod_2env_20260423_012611.csv
2026-04-23 01:26:14,436 INFO [mkw_rl.rl.train] starting training — run=luigi_prod_2env_20260423_012611 device=cuda num_envs=2
2026-04-23 01:26:14,447 INFO [mkw_rl.env.dolphin_env] [env 0] 31 track_metadata entries have no savestate (curriculum will not sample these until recorded): ['bowsers_castle_tt', 'coconut_mall_tt', 'daisy_circuit_tt', 'dks_snowboard_cross_tt', 'dry_dry_ruins_tt', 'ds_delfino_square_tt', 'ds_desert_hills_tt', 'ds_peach_gardens_tt', 'ds_yoshi_falls_tt', 'gba_bowser_castle_3_tt', 'gba_shy_guy_beach_tt', 'gcn_dk_mountain_tt', 'gcn_mario_circuit_tt', 'gcn_peach_beach_tt', 'gcn_waluigi_stadium_tt', 'grumble_volcano_tt', 'koopa_cape_tt', 'maple_treeway_tt', 'mario_circuit_tt', 'moo_moo_meadows_tt', 'moonview_highway_tt', 'mushroom_gorge_tt', 'n64_bowsers_castle_tt', 'n64_dks_jungle_parkway_tt', 'n64_mario_raceway_tt', 'n64_sherbet_land_tt', 'rainbow_road_tt', 'snes_ghost_valley_2_tt', 'snes_mario_circuit_3_tt', 'toads_factory_tt', 'warios_gold_mine_tt']
2026-04-23 01:26:14,457 INFO [mkw_rl.env.dolphin_env] [env 1] 31 track_metadata entries have no savestate (curriculum will not sample these until recorded): ['bowsers_castle_tt', 'coconut_mall_tt', 'daisy_circuit_tt', 'dks_snowboard_cross_tt', 'dry_dry_ruins_tt', 'ds_delfino_square_tt', 'ds_desert_hills_tt', 'ds_peach_gardens_tt', 'ds_yoshi_falls_tt', 'gba_bowser_castle_3_tt', 'gba_shy_guy_beach_tt', 'gcn_dk_mountain_tt', 'gcn_mario_circuit_tt', 'gcn_peach_beach_tt', 'gcn_waluigi_stadium_tt', 'grumble_volcano_tt', 'koopa_cape_tt', 'maple_treeway_tt', 'mario_circuit_tt', 'moo_moo_meadows_tt', 'moonview_highway_tt', 'mushroom_gorge_tt', 'n64_bowsers_castle_tt', 'n64_dks_jungle_parkway_tt', 'n64_mario_raceway_tt', 'n64_sherbet_land_tt', 'rainbow_road_tt', 'snes_ghost_valley_2_tt', 'snes_mario_circuit_3_tt', 'toads_factory_tt', 'warios_gold_mine_tt']
2026-04-23 01:26:14,460 INFO [mkw_rl.env.dolphin_env] [env 1] forwarding site-packages: /root/mkwii/.venv/lib/python3.13/site-packages
2026-04-23 01:26:14,460 INFO [mkw_rl.env.dolphin_env] [env 0] forwarding site-packages: /root/mkwii/.venv/lib/python3.13/site-packages
2026-04-23 01:26:14,460 INFO [mkw_rl.env.dolphin_env] [env 1] launching: /usr/bin/xvfb-run -a /root/mkwii/third_party/Wii-RL/dolphin1/dolphin-emu --batch -C Logger.Options.WriteToConsole=True -C Logger.Logs.SCRIPTING=True --no-python-subinterpreters --script=/root/mkwii/src/mkw_rl/env/dolphin_script.py --exec=/root/mkwii/data/game/mkw.iso (log → runs/btr/dolphin_env_1.log)
2026-04-23 01:26:14,461 INFO [mkw_rl.env.dolphin_env] [env 0] launching: /usr/bin/xvfb-run -a /root/mkwii/third_party/Wii-RL/dolphin0/dolphin-emu --batch -C Logger.Options.WriteToConsole=True -C Logger.Logs.SCRIPTING=True --no-python-subinterpreters --script=/root/mkwii/src/mkw_rl/env/dolphin_script.py --exec=/root/mkwii/data/game/mkw.iso (log → runs/btr/dolphin_env_0.log)
2026-04-23 01:26:14,463 INFO [mkw_rl.env.dolphin_env] [env 0] listening on :26330 (accept timeout=300s)
2026-04-23 01:26:14,463 INFO [mkw_rl.env.dolphin_env] [env 1] listening on :26331 (accept timeout=300s)
2026-04-23 01:26:16,377 INFO [mkw_rl.env.dolphin_env] [env 1] slave connected
2026-04-23 01:26:16,469 INFO [mkw_rl.env.dolphin_env] [env 0] slave connected
2026-04-23 01:26:52,837 INFO [mkw_rl.rl.train] ep=1[env=0] track=luigi_circuit_tt return=-5.28 len=221 env_steps=437 grad_steps=0
2026-04-23 01:26:59,219 INFO [mkw_rl.rl.train] ep=2[env=1] track=luigi_circuit_tt return=-8.06 len=238 env_steps=488 grad_steps=0
2026-04-23 01:27:02,843 ERROR [mkw_rl.rl.train] [env 0] crashed on luigi_circuit_tt (EOFError: ''); env_streak=1/5 track_streak=1/3 — relaunching
2026-04-23 01:27:02,872 INFO [mkw_rl.env.dolphin_env] [env 0] 31 track_metadata entries have no savestate (curriculum will not sample these until recorded): ['bowsers_castle_tt', 'coconut_mall_tt', 'daisy_circuit_tt', 'dks_snowboard_cross_tt', 'dry_dry_ruins_tt', 'ds_delfino_square_tt', 'ds_desert_hills_tt', 'ds_peach_gardens_tt', 'ds_yoshi_falls_tt', 'gba_bowser_castle_3_tt', 'gba_shy_guy_beach_tt', 'gcn_dk_mountain_tt', 'gcn_mario_circuit_tt', 'gcn_peach_beach_tt', 'gcn_waluigi_stadium_tt', 'grumble_volcano_tt', 'koopa_cape_tt', 'maple_treeway_tt', 'mario_circuit_tt', 'moo_moo_meadows_tt', 'moonview_highway_tt', 'mushroom_gorge_tt', 'n64_bowsers_castle_tt', 'n64_dks_jungle_parkway_tt', 'n64_mario_raceway_tt', 'n64_sherbet_land_tt', 'rainbow_road_tt', 'snes_ghost_valley_2_tt', 'snes_mario_circuit_3_tt', 'toads_factory_tt', 'warios_gold_mine_tt']
2026-04-23 01:27:02,873 INFO [mkw_rl.env.dolphin_env] [env 0] forwarding site-packages: /root/mkwii/.venv/lib/python3.13/site-packages
2026-04-23 01:27:02,873 INFO [mkw_rl.env.dolphin_env] [env 0] launching: /usr/bin/xvfb-run -a /root/mkwii/third_party/Wii-RL/dolphin0/dolphin-emu --batch -C Logger.Options.WriteToConsole=True -C Logger.Logs.SCRIPTING=True --no-python-subinterpreters --script=/root/mkwii/src/mkw_rl/env/dolphin_script.py --exec=/root/mkwii/data/game/mkw.iso (log → runs/btr/dolphin_env_0.log)
2026-04-23 01:27:02,874 INFO [mkw_rl.env.dolphin_env] [env 0] listening on :26330 (accept timeout=300s)
2026-04-23 01:27:04,804 INFO [mkw_rl.env.dolphin_env] [env 0] slave connected
2026-04-23 01:27:15,011 ERROR [mkw_rl.rl.train] [env 0] crashed on luigi_circuit_tt (EOFError: ''); env_streak=2/5 track_streak=2/3 — relaunching
2026-04-23 01:27:15,031 INFO [mkw_rl.env.dolphin_env] [env 0] 31 track_metadata entries have no savestate (curriculum will not sample these until recorded): ['bowsers_castle_tt', 'coconut_mall_tt', 'daisy_circuit_tt', 'dks_snowboard_cross_tt', 'dry_dry_ruins_tt', 'ds_delfino_square_tt', 'ds_desert_hills_tt', 'ds_peach_gardens_tt', 'ds_yoshi_falls_tt', 'gba_bowser_castle_3_tt', 'gba_shy_guy_beach_tt', 'gcn_dk_mountain_tt', 'gcn_mario_circuit_tt', 'gcn_peach_beach_tt', 'gcn_waluigi_stadium_tt', 'grumble_volcano_tt', 'koopa_cape_tt', 'maple_treeway_tt', 'mario_circuit_tt', 'moo_moo_meadows_tt', 'moonview_highway_tt', 'mushroom_gorge_tt', 'n64_bowsers_castle_tt', 'n64_dks_jungle_parkway_tt', 'n64_mario_raceway_tt', 'n64_sherbet_land_tt', 'rainbow_road_tt', 'snes_ghost_valley_2_tt', 'snes_mario_circuit_3_tt', 'toads_factory_tt', 'warios_gold_mine_tt']
2026-04-23 01:27:15,033 INFO [mkw_rl.env.dolphin_env] [env 0] forwarding site-packages: /root/mkwii/.venv/lib/python3.13/site-packages
2026-04-23 01:27:15,033 INFO [mkw_rl.env.dolphin_env] [env 0] launching: /usr/bin/xvfb-run -a /root/mkwii/third_party/Wii-RL/dolphin0/dolphin-emu --batch -C Logger.Options.WriteToConsole=True -C Logger.Logs.SCRIPTING=True --no-python-subinterpreters --script=/root/mkwii/src/mkw_rl/env/dolphin_script.py --exec=/root/mkwii/data/game/mkw.iso (log → runs/btr/dolphin_env_0.log)
2026-04-23 01:27:15,034 INFO [mkw_rl.env.dolphin_env] [env 0] listening on :26330 (accept timeout=300s)
2026-04-23 01:27:16,873 INFO [mkw_rl.env.dolphin_env] [env 0] slave connected
2026-04-23 01:27:28,955 ERROR [mkw_rl.rl.train] [env 0] crashed on luigi_circuit_tt (EOFError: ''); env_streak=3/5 track_streak=3/3 — relaunching
Exception in thread rollout-1:
Traceback (most recent call last):
  File "/.uv/python_install/cpython-3.13.12-linux-x86_64-gnu/lib/python3.13/threading.py", line 1044, in _bootstrap_inner
    self.run()
    ~~~~~~~~^^
  File "/.uv/python_install/cpython-3.13.12-linux-x86_64-gnu/lib/python3.13/threading.py", line 995, in run
    self._target(*self._args, **self._kwargs)
    ~~~~~~~~~~~~^^^^^^^^^^^^^^^^^^^^^^^^^^^^^
  File "/root/mkwii/src/mkw_rl/rl/train.py", line 1305, in _rollout_worker
    agent.sampler.update(track_slug, ep_return)
    ~~~~~~~~~~~~~~~~~~~~^^^^^^^^^^^^^^^^^^^^^^^
  File "/root/mkwii/src/mkw_rl/rl/track_sampler.py", line 178, in update
    raise KeyError(
    ...<2 lines>...
    )
KeyError: "unknown track slug 'luigi_circuit_tt'; sampler was constructed with []"
2026-04-23 01:27:29,121 INFO [mkw_rl.rl.train] saved checkpoint runs/btr/luigi_prod_2env_20260423_012611_final.pt (grad=0 env=763)
Traceback (most recent call last):
  File "/root/mkwii/scripts/train_btr.py", line 121, in <module>
    sys.exit(main())
             ~~~~^^
  File "/root/mkwii/scripts/train_btr.py", line 116, in main
    train(cfg, resume_from=args.resume, run_name=args.run_name)
    ~~~~~^^^^^^^^^^^^^^^^^^^^^^^^^^^^^^^^^^^^^^^^^^^^^^^^^^^^^^
  File "/root/mkwii/src/mkw_rl/rl/train.py", line 1491, in train
    return _train_vector(cfg, agent, logger, run_name)
  File "/root/mkwii/src/mkw_rl/rl/train.py", line 1443, in _train_vector
    raise aborted_with_error
RuntimeError: last track (luigi_circuit_tt) removed after 3 crashes — no tracks remain to sample from: removed the last track — sampler has no tracks left. This means every known savestate has been disqualified (corrupt or crashing); abort training + inspect savestate integrity.
