2026-04-23 01:31:04,811 INFO [mkw_rl.rl.train] using CSV logger at runs/btr/luigi_prod_1env_20260423_013101.csv
2026-04-23 01:31:04,812 INFO [mkw_rl.rl.train] starting training — run=luigi_prod_1env_20260423_013101 device=cuda num_envs=1
2026-04-23 01:31:04,822 INFO [mkw_rl.env.dolphin_env] [env 0] 31 track_metadata entries have no savestate (curriculum will not sample these until recorded): ['bowsers_castle_tt', 'coconut_mall_tt', 'daisy_circuit_tt', 'dks_snowboard_cross_tt', 'dry_dry_ruins_tt', 'ds_delfino_square_tt', 'ds_desert_hills_tt', 'ds_peach_gardens_tt', 'ds_yoshi_falls_tt', 'gba_bowser_castle_3_tt', 'gba_shy_guy_beach_tt', 'gcn_dk_mountain_tt', 'gcn_mario_circuit_tt', 'gcn_peach_beach_tt', 'gcn_waluigi_stadium_tt', 'grumble_volcano_tt', 'koopa_cape_tt', 'maple_treeway_tt', 'mario_circuit_tt', 'moo_moo_meadows_tt', 'moonview_highway_tt', 'mushroom_gorge_tt', 'n64_bowsers_castle_tt', 'n64_dks_jungle_parkway_tt', 'n64_mario_raceway_tt', 'n64_sherbet_land_tt', 'rainbow_road_tt', 'snes_ghost_valley_2_tt', 'snes_mario_circuit_3_tt', 'toads_factory_tt', 'warios_gold_mine_tt']
2026-04-23 01:31:04,823 INFO [mkw_rl.env.dolphin_env] [env 0] forwarding site-packages: /root/mkwii/.venv/lib/python3.13/site-packages
2026-04-23 01:31:04,823 INFO [mkw_rl.env.dolphin_env] [env 0] launching: /usr/bin/xvfb-run -a /root/mkwii/third_party/Wii-RL/dolphin0/dolphin-emu --batch -C Logger.Options.WriteToConsole=True -C Logger.Logs.SCRIPTING=True --no-python-subinterpreters --script=/root/mkwii/src/mkw_rl/env/dolphin_script.py --exec=/root/mkwii/data/game/mkw.iso (log → runs/btr/dolphin_env_0.log)
2026-04-23 01:31:04,824 INFO [mkw_rl.env.dolphin_env] [env 0] listening on :26330 (accept timeout=300s)
2026-04-23 01:31:06,194 INFO [mkw_rl.env.dolphin_env] [env 0] slave connected
2026-04-23 01:31:13,307 ERROR [mkw_rl.rl.train] env crashed mid-episode on luigi_circuit_tt (); env_streak=1/5 track_streak=1/3 — relaunching
2026-04-23 01:31:13,349 INFO [mkw_rl.env.dolphin_env] [env 0] 31 track_metadata entries have no savestate (curriculum will not sample these until recorded): ['bowsers_castle_tt', 'coconut_mall_tt', 'daisy_circuit_tt', 'dks_snowboard_cross_tt', 'dry_dry_ruins_tt', 'ds_delfino_square_tt', 'ds_desert_hills_tt', 'ds_peach_gardens_tt', 'ds_yoshi_falls_tt', 'gba_bowser_castle_3_tt', 'gba_shy_guy_beach_tt', 'gcn_dk_mountain_tt', 'gcn_mario_circuit_tt', 'gcn_peach_beach_tt', 'gcn_waluigi_stadium_tt', 'grumble_volcano_tt', 'koopa_cape_tt', 'maple_treeway_tt', 'mario_circuit_tt', 'moo_moo_meadows_tt', 'moonview_highway_tt', 'mushroom_gorge_tt', 'n64_bowsers_castle_tt', 'n64_dks_jungle_parkway_tt', 'n64_mario_raceway_tt', 'n64_sherbet_land_tt', 'rainbow_road_tt', 'snes_ghost_valley_2_tt', 'snes_mario_circuit_3_tt', 'toads_factory_tt', 'warios_gold_mine_tt']
2026-04-23 01:31:13,350 INFO [mkw_rl.env.dolphin_env] [env 0] forwarding site-packages: /root/mkwii/.venv/lib/python3.13/site-packages
2026-04-23 01:31:13,350 INFO [mkw_rl.env.dolphin_env] [env 0] launching: /usr/bin/xvfb-run -a /root/mkwii/third_party/Wii-RL/dolphin0/dolphin-emu --batch -C Logger.Options.WriteToConsole=True -C Logger.Logs.SCRIPTING=True --no-python-subinterpreters --script=/root/mkwii/src/mkw_rl/env/dolphin_script.py --exec=/root/mkwii/data/game/mkw.iso (log → runs/btr/dolphin_env_0.log)
2026-04-23 01:31:13,352 INFO [mkw_rl.env.dolphin_env] [env 0] listening on :26330 (accept timeout=300s)
2026-04-23 01:31:14,783 INFO [mkw_rl.env.dolphin_env] [env 0] slave connected
2026-04-23 01:31:19,144 ERROR [mkw_rl.rl.train] env crashed mid-episode on luigi_circuit_tt (); env_streak=2/5 track_streak=2/3 — relaunching
2026-04-23 01:31:19,156 INFO [mkw_rl.env.dolphin_env] [env 0] 31 track_metadata entries have no savestate (curriculum will not sample these until recorded): ['bowsers_castle_tt', 'coconut_mall_tt', 'daisy_circuit_tt', 'dks_snowboard_cross_tt', 'dry_dry_ruins_tt', 'ds_delfino_square_tt', 'ds_desert_hills_tt', 'ds_peach_gardens_tt', 'ds_yoshi_falls_tt', 'gba_bowser_castle_3_tt', 'gba_shy_guy_beach_tt', 'gcn_dk_mountain_tt', 'gcn_mario_circuit_tt', 'gcn_peach_beach_tt', 'gcn_waluigi_stadium_tt', 'grumble_volcano_tt', 'koopa_cape_tt', 'maple_treeway_tt', 'mario_circuit_tt', 'moo_moo_meadows_tt', 'moonview_highway_tt', 'mushroom_gorge_tt', 'n64_bowsers_castle_tt', 'n64_dks_jungle_parkway_tt', 'n64_mario_raceway_tt', 'n64_sherbet_land_tt', 'rainbow_road_tt', 'snes_ghost_valley_2_tt', 'snes_mario_circuit_3_tt', 'toads_factory_tt', 'warios_gold_mine_tt']
2026-04-23 01:31:19,156 INFO [mkw_rl.env.dolphin_env] [env 0] forwarding site-packages: /root/mkwii/.venv/lib/python3.13/site-packages
2026-04-23 01:31:19,156 INFO [mkw_rl.env.dolphin_env] [env 0] launching: /usr/bin/xvfb-run -a /root/mkwii/third_party/Wii-RL/dolphin0/dolphin-emu --batch -C Logger.Options.WriteToConsole=True -C Logger.Logs.SCRIPTING=True --no-python-subinterpreters --script=/root/mkwii/src/mkw_rl/env/dolphin_script.py --exec=/root/mkwii/data/game/mkw.iso (log → runs/btr/dolphin_env_0.log)
2026-04-23 01:31:19,157 INFO [mkw_rl.env.dolphin_env] [env 0] listening on :26330 (accept timeout=300s)
2026-04-23 01:31:20,647 INFO [mkw_rl.env.dolphin_env] [env 0] slave connected
2026-04-23 01:32:04,093 INFO [mkw_rl.rl.train] ep=1 track=luigi_circuit_tt return=-18.13 len=287 env_steps=333 grad_steps=0
2026-04-23 01:32:41,459 INFO [mkw_rl.rl.train] ep=2 track=luigi_circuit_tt return=-7.37 len=232 env_steps=565 grad_steps=0
