2026-04-23 00:38:39,745 INFO [mkw_rl.rl.train] using CSV logger at runs/btr/luigi_prod_20260423_003836.csv
2026-04-23 00:38:39,746 INFO [mkw_rl.rl.train] starting training — run=luigi_prod_20260423_003836 device=cuda
2026-04-23 00:38:39,756 INFO [mkw_rl.env.dolphin_env] [env 0] 31 track_metadata entries have no savestate (curriculum will not sample these until recorded): ['bowsers_castle_tt', 'coconut_mall_tt', 'daisy_circuit_tt', 'dks_snowboard_cross_tt', 'dry_dry_ruins_tt', 'ds_delfino_square_tt', 'ds_desert_hills_tt', 'ds_peach_gardens_tt', 'ds_yoshi_falls_tt', 'gba_bowser_castle_3_tt', 'gba_shy_guy_beach_tt', 'gcn_dk_mountain_tt', 'gcn_mario_circuit_tt', 'gcn_peach_beach_tt', 'gcn_waluigi_stadium_tt', 'grumble_volcano_tt', 'koopa_cape_tt', 'maple_treeway_tt', 'mario_circuit_tt', 'moo_moo_meadows_tt', 'moonview_highway_tt', 'mushroom_gorge_tt', 'n64_bowsers_castle_tt', 'n64_dks_jungle_parkway_tt', 'n64_mario_raceway_tt', 'n64_sherbet_land_tt', 'rainbow_road_tt', 'snes_ghost_valley_2_tt', 'snes_mario_circuit_3_tt', 'toads_factory_tt', 'warios_gold_mine_tt']
2026-04-23 00:38:39,757 INFO [mkw_rl.env.dolphin_env] [env 0] forwarding site-packages: /root/mkwii/.venv/lib/python3.13/site-packages
2026-04-23 00:38:39,757 INFO [mkw_rl.env.dolphin_env] [env 0] launching: /usr/bin/xvfb-run -a /root/mkwii/third_party/Wii-RL/dolphin0/dolphin-emu --batch -C Logger.Options.WriteToConsole=True -C Logger.Logs.SCRIPTING=True --no-python-subinterpreters --script=/root/mkwii/src/mkw_rl/env/dolphin_script.py --exec=/root/mkwii/data/game/mkw.iso (log → runs/btr/dolphin_env_0.log)
2026-04-23 00:38:39,759 INFO [mkw_rl.env.dolphin_env] [env 0] listening on :26330 (accept timeout=300s)
2026-04-23 00:38:42,698 INFO [mkw_rl.env.dolphin_env] [env 0] slave connected
2026-04-23 00:39:19,885 INFO [mkw_rl.rl.train] ep=1 track=luigi_circuit_tt return=-3.44 len=230 env_steps=230 grad_steps=0
2026-04-23 00:39:54,866 INFO [mkw_rl.rl.train] ep=2 track=luigi_circuit_tt return=-5.22 len=221 env_steps=451 grad_steps=0
2026-04-23 00:40:38,973 INFO [mkw_rl.rl.train] ep=3 track=luigi_circuit_tt return=-8.05 len=277 env_steps=728 grad_steps=0
2026-04-23 00:41:21,338 INFO [mkw_rl.rl.train] ep=4 track=luigi_circuit_tt return=-8.15 len=268 env_steps=996 grad_steps=0
2026-04-23 00:41:55,753 INFO [mkw_rl.rl.train] ep=5 track=luigi_circuit_tt return=-17.38 len=228 env_steps=1224 grad_steps=0
2026-04-23 00:42:57,591 INFO [mkw_rl.rl.train] ep=6 track=luigi_circuit_tt return=-3.63 len=367 env_steps=1591 grad_steps=0
2026-04-23 00:44:03,059 INFO [mkw_rl.rl.train] ep=7 track=luigi_circuit_tt return=-9.12 len=318 env_steps=1909 grad_steps=0
2026-04-23 00:44:25,802 ERROR [mkw_rl.rl.train] env crashed mid-episode on luigi_circuit_tt (); env_streak=1/5 track_streak=1/3 — relaunching
2026-04-23 00:44:25,836 INFO [mkw_rl.env.dolphin_env] [env 0] 31 track_metadata entries have no savestate (curriculum will not sample these until recorded): ['bowsers_castle_tt', 'coconut_mall_tt', 'daisy_circuit_tt', 'dks_snowboard_cross_tt', 'dry_dry_ruins_tt', 'ds_delfino_square_tt', 'ds_desert_hills_tt', 'ds_peach_gardens_tt', 'ds_yoshi_falls_tt', 'gba_bowser_castle_3_tt', 'gba_shy_guy_beach_tt', 'gcn_dk_mountain_tt', 'gcn_mario_circuit_tt', 'gcn_peach_beach_tt', 'gcn_waluigi_stadium_tt', 'grumble_volcano_tt', 'koopa_cape_tt', 'maple_treeway_tt', 'mario_circuit_tt', 'moo_moo_meadows_tt', 'moonview_highway_tt', 'mushroom_gorge_tt', 'n64_bowsers_castle_tt', 'n64_dks_jungle_parkway_tt', 'n64_mario_raceway_tt', 'n64_sherbet_land_tt', 'rainbow_road_tt', 'snes_ghost_valley_2_tt', 'snes_mario_circuit_3_tt', 'toads_factory_tt', 'warios_gold_mine_tt']
2026-04-23 00:44:25,837 INFO [mkw_rl.env.dolphin_env] [env 0] forwarding site-packages: /root/mkwii/.venv/lib/python3.13/site-packages
2026-04-23 00:44:25,838 INFO [mkw_rl.env.dolphin_env] [env 0] launching: /usr/bin/xvfb-run -a /root/mkwii/third_party/Wii-RL/dolphin0/dolphin-emu --batch -C Logger.Options.WriteToConsole=True -C Logger.Logs.SCRIPTING=True --no-python-subinterpreters --script=/root/mkwii/src/mkw_rl/env/dolphin_script.py --exec=/root/mkwii/data/game/mkw.iso (log → runs/btr/dolphin_env_0.log)
2026-04-23 00:44:25,839 INFO [mkw_rl.env.dolphin_env] [env 0] listening on :26330 (accept timeout=300s)
2026-04-23 00:44:28,680 INFO [mkw_rl.env.dolphin_env] [env 0] slave connected
2026-04-23 00:45:02,635 INFO [mkw_rl.rl.train] ep=8 track=luigi_circuit_tt return=-8.88 len=218 env_steps=2211 grad_steps=0
2026-04-23 00:45:37,323 INFO [mkw_rl.rl.train] ep=9 track=luigi_circuit_tt return=-9.54 len=234 env_steps=2445 grad_steps=0
2026-04-23 00:46:15,071 INFO [mkw_rl.rl.train] ep=10 track=luigi_circuit_tt return=-25.31 len=249 env_steps=2694 grad_steps=0
2026-04-23 00:46:53,392 INFO [mkw_rl.rl.train] ep=11 track=luigi_circuit_tt return=-3.97 len=235 env_steps=2929 grad_steps=0
2026-04-23 00:47:26,735 INFO [mkw_rl.rl.train] ep=12 track=luigi_circuit_tt return=-18.66 len=232 env_steps=3161 grad_steps=0
2026-04-23 00:48:00,401 INFO [mkw_rl.rl.train] ep=13 track=luigi_circuit_tt return=-14.63 len=218 env_steps=3379 grad_steps=0
2026-04-23 00:48:36,002 INFO [mkw_rl.rl.train] ep=14 track=luigi_circuit_tt return=-13.61 len=231 env_steps=3610 grad_steps=0
2026-04-23 00:49:23,445 INFO [mkw_rl.rl.train] ep=15 track=luigi_circuit_tt return=-26.73 len=323 env_steps=3933 grad_steps=0
2026-04-23 00:50:00,109 INFO [mkw_rl.rl.train] ep=16 track=luigi_circuit_tt return=-0.02 len=222 env_steps=4155 grad_steps=0
2026-04-23 00:50:37,784 INFO [mkw_rl.rl.train] ep=17 track=luigi_circuit_tt return=-28.69 len=243 env_steps=4398 grad_steps=0
2026-04-23 00:51:35,320 INFO [mkw_rl.rl.train] ep=18 track=luigi_circuit_tt return=0.05 len=272 env_steps=4670 grad_steps=0
2026-04-23 00:52:27,522 INFO [mkw_rl.rl.train] ep=19 track=luigi_circuit_tt return=-13.11 len=246 env_steps=4916 grad_steps=0
2026-04-23 00:53:53,453 INFO [mkw_rl.rl.train] ep=20 track=luigi_circuit_tt return=0.12 len=332 env_steps=5248 grad_steps=0
2026-04-23 00:54:38,098 INFO [mkw_rl.rl.train] ep=21 track=luigi_circuit_tt return=-10.98 len=217 env_steps=5465 grad_steps=0
2026-04-23 00:55:27,847 INFO [mkw_rl.rl.train] ep=22 track=luigi_circuit_tt return=-9.98 len=268 env_steps=5733 grad_steps=0
2026-04-23 00:56:15,526 INFO [mkw_rl.rl.train] ep=23 track=luigi_circuit_tt return=-12.64 len=242 env_steps=5975 grad_steps=0
2026-04-23 00:57:01,525 INFO [mkw_rl.rl.train] ep=24 track=luigi_circuit_tt return=-11.93 len=222 env_steps=6197 grad_steps=0
2026-04-23 00:58:12,227 INFO [mkw_rl.rl.train] ep=25 track=luigi_circuit_tt return=-0.12 len=250 env_steps=6447 grad_steps=0
