  batch_size: 64                            # VIPTankz default
    batch_size: 4
2026-04-23 23:16:49,462 INFO [mkw_rl.rl.train] using CSV logger at runs/btr/shakedown_bs64_20260423_231645.csv
2026-04-23 23:16:49,463 INFO [mkw_rl.rl.train] starting training — run=shakedown_bs64_20260423_231645 device=cuda num_envs=4
2026-04-23 23:16:49,473 INFO [mkw_rl.env.dolphin_env] [env 0] 31 track_metadata entries have no savestate (curriculum will not sample these until recorded): ['bowsers_castle_tt', 'coconut_mall_tt', 'daisy_circuit_tt', 'dks_snowboard_cross_tt', 'dry_dry_ruins_tt', 'ds_delfino_square_tt', 'ds_desert_hills_tt', 'ds_peach_gardens_tt', 'ds_yoshi_falls_tt', 'gba_bowser_castle_3_tt', 'gba_shy_guy_beach_tt', 'gcn_dk_mountain_tt', 'gcn_mario_circuit_tt', 'gcn_peach_beach_tt', 'gcn_waluigi_stadium_tt', 'grumble_volcano_tt', 'koopa_cape_tt', 'maple_treeway_tt', 'mario_circuit_tt', 'moo_moo_meadows_tt', 'moonview_highway_tt', 'mushroom_gorge_tt', 'n64_bowsers_castle_tt', 'n64_dks_jungle_parkway_tt', 'n64_mario_raceway_tt', 'n64_sherbet_land_tt', 'rainbow_road_tt', 'snes_ghost_valley_2_tt', 'snes_mario_circuit_3_tt', 'toads_factory_tt', 'warios_gold_mine_tt']
2026-04-23 23:16:49,485 INFO [mkw_rl.env.dolphin_env] [env 1] 31 track_metadata entries have no savestate (curriculum will not sample these until recorded): ['bowsers_castle_tt', 'coconut_mall_tt', 'daisy_circuit_tt', 'dks_snowboard_cross_tt', 'dry_dry_ruins_tt', 'ds_delfino_square_tt', 'ds_desert_hills_tt', 'ds_peach_gardens_tt', 'ds_yoshi_falls_tt', 'gba_bowser_castle_3_tt', 'gba_shy_guy_beach_tt', 'gcn_dk_mountain_tt', 'gcn_mario_circuit_tt', 'gcn_peach_beach_tt', 'gcn_waluigi_stadium_tt', 'grumble_volcano_tt', 'koopa_cape_tt', 'maple_treeway_tt', 'mario_circuit_tt', 'moo_moo_meadows_tt', 'moonview_highway_tt', 'mushroom_gorge_tt', 'n64_bowsers_castle_tt', 'n64_dks_jungle_parkway_tt', 'n64_mario_raceway_tt', 'n64_sherbet_land_tt', 'rainbow_road_tt', 'snes_ghost_valley_2_tt', 'snes_mario_circuit_3_tt', 'toads_factory_tt', 'warios_gold_mine_tt']
2026-04-23 23:16:49,504 INFO [mkw_rl.env.dolphin_env] [env 2] 31 track_metadata entries have no savestate (curriculum will not sample these until recorded): ['bowsers_castle_tt', 'coconut_mall_tt', 'daisy_circuit_tt', 'dks_snowboard_cross_tt', 'dry_dry_ruins_tt', 'ds_delfino_square_tt', 'ds_desert_hills_tt', 'ds_peach_gardens_tt', 'ds_yoshi_falls_tt', 'gba_bowser_castle_3_tt', 'gba_shy_guy_beach_tt', 'gcn_dk_mountain_tt', 'gcn_mario_circuit_tt', 'gcn_peach_beach_tt', 'gcn_waluigi_stadium_tt', 'grumble_volcano_tt', 'koopa_cape_tt', 'maple_treeway_tt', 'mario_circuit_tt', 'moo_moo_meadows_tt', 'moonview_highway_tt', 'mushroom_gorge_tt', 'n64_bowsers_castle_tt', 'n64_dks_jungle_parkway_tt', 'n64_mario_raceway_tt', 'n64_sherbet_land_tt', 'rainbow_road_tt', 'snes_ghost_valley_2_tt', 'snes_mario_circuit_3_tt', 'toads_factory_tt', 'warios_gold_mine_tt']
2026-04-23 23:16:49,515 INFO [mkw_rl.env.dolphin_env] [env 3] 31 track_metadata entries have no savestate (curriculum will not sample these until recorded): ['bowsers_castle_tt', 'coconut_mall_tt', 'daisy_circuit_tt', 'dks_snowboard_cross_tt', 'dry_dry_ruins_tt', 'ds_delfino_square_tt', 'ds_desert_hills_tt', 'ds_peach_gardens_tt', 'ds_yoshi_falls_tt', 'gba_bowser_castle_3_tt', 'gba_shy_guy_beach_tt', 'gcn_dk_mountain_tt', 'gcn_mario_circuit_tt', 'gcn_peach_beach_tt', 'gcn_waluigi_stadium_tt', 'grumble_volcano_tt', 'koopa_cape_tt', 'maple_treeway_tt', 'mario_circuit_tt', 'moo_moo_meadows_tt', 'moonview_highway_tt', 'mushroom_gorge_tt', 'n64_bowsers_castle_tt', 'n64_dks_jungle_parkway_tt', 'n64_mario_raceway_tt', 'n64_sherbet_land_tt', 'rainbow_road_tt', 'snes_ghost_valley_2_tt', 'snes_mario_circuit_3_tt', 'toads_factory_tt', 'warios_gold_mine_tt']
2026-04-23 23:16:49,520 INFO [mkw_rl.env.dolphin_env] [env 0] forwarding site-packages: /root/mkwii/.venv/lib/python3.13/site-packages
2026-04-23 23:16:49,520 INFO [mkw_rl.env.dolphin_env] [env 0] launching: /usr/bin/xvfb-run -a /root/mkwii/third_party/Wii-RL/dolphin0/dolphin-emu --batch -C Logger.Options.WriteToConsole=True -C Logger.Logs.SCRIPTING=True --no-python-subinterpreters --script=/root/mkwii/src/mkw_rl/env/dolphin_script.py --exec=/root/mkwii/data/game/mkw.iso (log → runs/btr/dolphin_env_0.log)
2026-04-23 23:16:49,520 INFO [mkw_rl.env.dolphin_env] [env 1] forwarding site-packages: /root/mkwii/.venv/lib/python3.13/site-packages
2026-04-23 23:16:49,521 INFO [mkw_rl.env.dolphin_env] [env 3] forwarding site-packages: /root/mkwii/.venv/lib/python3.13/site-packages
2026-04-23 23:16:49,521 INFO [mkw_rl.env.dolphin_env] [env 1] launching: /usr/bin/xvfb-run -a /root/mkwii/third_party/Wii-RL/dolphin1/dolphin-emu --batch -C Logger.Options.WriteToConsole=True -C Logger.Logs.SCRIPTING=True --no-python-subinterpreters --script=/root/mkwii/src/mkw_rl/env/dolphin_script.py --exec=/root/mkwii/data/game/mkw.iso (log → runs/btr/dolphin_env_1.log)
2026-04-23 23:16:49,522 INFO [mkw_rl.env.dolphin_env] [env 3] launching: /usr/bin/xvfb-run -a /root/mkwii/third_party/Wii-RL/dolphin3/dolphin-emu --batch -C Logger.Options.WriteToConsole=True -C Logger.Logs.SCRIPTING=True --no-python-subinterpreters --script=/root/mkwii/src/mkw_rl/env/dolphin_script.py --exec=/root/mkwii/data/game/mkw.iso (log → runs/btr/dolphin_env_3.log)
2026-04-23 23:16:49,522 INFO [mkw_rl.env.dolphin_env] [env 0] listening on :26330 (accept timeout=300s)
2026-04-23 23:16:49,522 INFO [mkw_rl.env.dolphin_env] [env 2] forwarding site-packages: /root/mkwii/.venv/lib/python3.13/site-packages
2026-04-23 23:16:49,523 INFO [mkw_rl.env.dolphin_env] [env 2] launching: /usr/bin/xvfb-run -a /root/mkwii/third_party/Wii-RL/dolphin2/dolphin-emu --batch -C Logger.Options.WriteToConsole=True -C Logger.Logs.SCRIPTING=True --no-python-subinterpreters --script=/root/mkwii/src/mkw_rl/env/dolphin_script.py --exec=/root/mkwii/data/game/mkw.iso (log → runs/btr/dolphin_env_2.log)
2026-04-23 23:16:49,525 INFO [mkw_rl.env.dolphin_env] [env 3] listening on :26333 (accept timeout=300s)
2026-04-23 23:16:49,525 INFO [mkw_rl.env.dolphin_env] [env 1] listening on :26331 (accept timeout=300s)
2026-04-23 23:16:49,525 INFO [mkw_rl.env.dolphin_env] [env 2] listening on :26332 (accept timeout=300s)
2026-04-23 23:16:52,333 INFO [mkw_rl.env.dolphin_env] [env 3] slave connected
2026-04-23 23:16:52,352 INFO [mkw_rl.env.dolphin_env] [env 2] slave connected
2026-04-23 23:16:53,681 INFO [mkw_rl.env.dolphin_env] [env 0] slave connected
2026-04-23 23:16:53,691 INFO [mkw_rl.env.dolphin_env] [env 1] slave connected
2026-04-23 23:17:03,862 ERROR [mkw_rl.rl.train] [env 1] crashed on luigi_circuit_tt (EOFError: ''); env_streak=1/20 track_streak=1/20 — relaunching
2026-04-23 23:17:03,877 INFO [mkw_rl.env.dolphin_env] [env 1] 31 track_metadata entries have no savestate (curriculum will not sample these until recorded): ['bowsers_castle_tt', 'coconut_mall_tt', 'daisy_circuit_tt', 'dks_snowboard_cross_tt', 'dry_dry_ruins_tt', 'ds_delfino_square_tt', 'ds_desert_hills_tt', 'ds_peach_gardens_tt', 'ds_yoshi_falls_tt', 'gba_bowser_castle_3_tt', 'gba_shy_guy_beach_tt', 'gcn_dk_mountain_tt', 'gcn_mario_circuit_tt', 'gcn_peach_beach_tt', 'gcn_waluigi_stadium_tt', 'grumble_volcano_tt', 'koopa_cape_tt', 'maple_treeway_tt', 'mario_circuit_tt', 'moo_moo_meadows_tt', 'moonview_highway_tt', 'mushroom_gorge_tt', 'n64_bowsers_castle_tt', 'n64_dks_jungle_parkway_tt', 'n64_mario_raceway_tt', 'n64_sherbet_land_tt', 'rainbow_road_tt', 'snes_ghost_valley_2_tt', 'snes_mario_circuit_3_tt', 'toads_factory_tt', 'warios_gold_mine_tt']
2026-04-23 23:17:03,880 INFO [mkw_rl.env.dolphin_env] [env 1] forwarding site-packages: /root/mkwii/.venv/lib/python3.13/site-packages
2026-04-23 23:17:03,880 INFO [mkw_rl.env.dolphin_env] [env 1] launching: /usr/bin/xvfb-run -a /root/mkwii/third_party/Wii-RL/dolphin1/dolphin-emu --batch -C Logger.Options.WriteToConsole=True -C Logger.Logs.SCRIPTING=True --no-python-subinterpreters --script=/root/mkwii/src/mkw_rl/env/dolphin_script.py --exec=/root/mkwii/data/game/mkw.iso (log → runs/btr/dolphin_env_1.log)
2026-04-23 23:17:03,882 INFO [mkw_rl.env.dolphin_env] [env 1] listening on :26331 (accept timeout=300s)
2026-04-23 23:17:04,318 ERROR [mkw_rl.rl.train] [env 2] crashed on luigi_circuit_tt (EOFError: ''); env_streak=1/20 track_streak=2/20 — relaunching
2026-04-23 23:17:04,332 INFO [mkw_rl.env.dolphin_env] [env 2] 31 track_metadata entries have no savestate (curriculum will not sample these until recorded): ['bowsers_castle_tt', 'coconut_mall_tt', 'daisy_circuit_tt', 'dks_snowboard_cross_tt', 'dry_dry_ruins_tt', 'ds_delfino_square_tt', 'ds_desert_hills_tt', 'ds_peach_gardens_tt', 'ds_yoshi_falls_tt', 'gba_bowser_castle_3_tt', 'gba_shy_guy_beach_tt', 'gcn_dk_mountain_tt', 'gcn_mario_circuit_tt', 'gcn_peach_beach_tt', 'gcn_waluigi_stadium_tt', 'grumble_volcano_tt', 'koopa_cape_tt', 'maple_treeway_tt', 'mario_circuit_tt', 'moo_moo_meadows_tt', 'moonview_highway_tt', 'mushroom_gorge_tt', 'n64_bowsers_castle_tt', 'n64_dks_jungle_parkway_tt', 'n64_mario_raceway_tt', 'n64_sherbet_land_tt', 'rainbow_road_tt', 'snes_ghost_valley_2_tt', 'snes_mario_circuit_3_tt', 'toads_factory_tt', 'warios_gold_mine_tt']
2026-04-23 23:17:04,333 INFO [mkw_rl.env.dolphin_env] [env 2] forwarding site-packages: /root/mkwii/.venv/lib/python3.13/site-packages
2026-04-23 23:17:04,333 INFO [mkw_rl.env.dolphin_env] [env 2] launching: /usr/bin/xvfb-run -a /root/mkwii/third_party/Wii-RL/dolphin2/dolphin-emu --batch -C Logger.Options.WriteToConsole=True -C Logger.Logs.SCRIPTING=True --no-python-subinterpreters --script=/root/mkwii/src/mkw_rl/env/dolphin_script.py --exec=/root/mkwii/data/game/mkw.iso (log → runs/btr/dolphin_env_2.log)
2026-04-23 23:17:04,334 INFO [mkw_rl.env.dolphin_env] [env 2] listening on :26332 (accept timeout=300s)
2026-04-23 23:17:05,966 INFO [mkw_rl.env.dolphin_env] [env 1] slave connected
2026-04-23 23:17:06,439 INFO [mkw_rl.env.dolphin_env] [env 2] slave connected
2026-04-23 23:17:14,359 ERROR [mkw_rl.rl.train] [env 1] crashed on luigi_circuit_tt (EOFError: ''); env_streak=2/20 track_streak=3/20 — relaunching
2026-04-23 23:17:14,377 INFO [mkw_rl.env.dolphin_env] [env 1] 31 track_metadata entries have no savestate (curriculum will not sample these until recorded): ['bowsers_castle_tt', 'coconut_mall_tt', 'daisy_circuit_tt', 'dks_snowboard_cross_tt', 'dry_dry_ruins_tt', 'ds_delfino_square_tt', 'ds_desert_hills_tt', 'ds_peach_gardens_tt', 'ds_yoshi_falls_tt', 'gba_bowser_castle_3_tt', 'gba_shy_guy_beach_tt', 'gcn_dk_mountain_tt', 'gcn_mario_circuit_tt', 'gcn_peach_beach_tt', 'gcn_waluigi_stadium_tt', 'grumble_volcano_tt', 'koopa_cape_tt', 'maple_treeway_tt', 'mario_circuit_tt', 'moo_moo_meadows_tt', 'moonview_highway_tt', 'mushroom_gorge_tt', 'n64_bowsers_castle_tt', 'n64_dks_jungle_parkway_tt', 'n64_mario_raceway_tt', 'n64_sherbet_land_tt', 'rainbow_road_tt', 'snes_ghost_valley_2_tt', 'snes_mario_circuit_3_tt', 'toads_factory_tt', 'warios_gold_mine_tt']
2026-04-23 23:17:14,380 INFO [mkw_rl.env.dolphin_env] [env 1] forwarding site-packages: /root/mkwii/.venv/lib/python3.13/site-packages
2026-04-23 23:17:14,380 INFO [mkw_rl.env.dolphin_env] [env 1] launching: /usr/bin/xvfb-run -a /root/mkwii/third_party/Wii-RL/dolphin1/dolphin-emu --batch -C Logger.Options.WriteToConsole=True -C Logger.Logs.SCRIPTING=True --no-python-subinterpreters --script=/root/mkwii/src/mkw_rl/env/dolphin_script.py --exec=/root/mkwii/data/game/mkw.iso (log → runs/btr/dolphin_env_1.log)
2026-04-23 23:17:14,381 INFO [mkw_rl.env.dolphin_env] [env 1] listening on :26331 (accept timeout=300s)
2026-04-23 23:17:16,393 INFO [mkw_rl.env.dolphin_env] [env 1] slave connected
2026-04-23 23:17:22,333 INFO [mkw_rl.rl.train] ep=1[env=3] track=luigi_circuit_tt return=-13.02 len=232 env_steps=649 grad_steps=0
2026-04-23 23:17:33,336 ERROR [mkw_rl.rl.train] [env 3] crashed on luigi_circuit_tt (EOFError: ''); env_streak=1/20 track_streak=4/20 — relaunching
2026-04-23 23:17:33,351 INFO [mkw_rl.env.dolphin_env] [env 3] 31 track_metadata entries have no savestate (curriculum will not sample these until recorded): ['bowsers_castle_tt', 'coconut_mall_tt', 'daisy_circuit_tt', 'dks_snowboard_cross_tt', 'dry_dry_ruins_tt', 'ds_delfino_square_tt', 'ds_desert_hills_tt', 'ds_peach_gardens_tt', 'ds_yoshi_falls_tt', 'gba_bowser_castle_3_tt', 'gba_shy_guy_beach_tt', 'gcn_dk_mountain_tt', 'gcn_mario_circuit_tt', 'gcn_peach_beach_tt', 'gcn_waluigi_stadium_tt', 'grumble_volcano_tt', 'koopa_cape_tt', 'maple_treeway_tt', 'mario_circuit_tt', 'moo_moo_meadows_tt', 'moonview_highway_tt', 'mushroom_gorge_tt', 'n64_bowsers_castle_tt', 'n64_dks_jungle_parkway_tt', 'n64_mario_raceway_tt', 'n64_sherbet_land_tt', 'rainbow_road_tt', 'snes_ghost_valley_2_tt', 'snes_mario_circuit_3_tt', 'toads_factory_tt', 'warios_gold_mine_tt']
2026-04-23 23:17:33,353 INFO [mkw_rl.env.dolphin_env] [env 3] forwarding site-packages: /root/mkwii/.venv/lib/python3.13/site-packages
2026-04-23 23:17:33,353 INFO [mkw_rl.env.dolphin_env] [env 3] launching: /usr/bin/xvfb-run -a /root/mkwii/third_party/Wii-RL/dolphin3/dolphin-emu --batch -C Logger.Options.WriteToConsole=True -C Logger.Logs.SCRIPTING=True --no-python-subinterpreters --script=/root/mkwii/src/mkw_rl/env/dolphin_script.py --exec=/root/mkwii/data/game/mkw.iso (log → runs/btr/dolphin_env_3.log)
2026-04-23 23:17:33,355 INFO [mkw_rl.env.dolphin_env] [env 3] listening on :26333 (accept timeout=300s)
2026-04-23 23:17:35,333 INFO [mkw_rl.env.dolphin_env] [env 3] slave connected
2026-04-23 23:17:35,560 INFO [mkw_rl.rl.train] ep=2[env=0] track=luigi_circuit_tt return=-24.31 len=241 env_steps=947 grad_steps=0
2026-04-23 23:17:37,065 ERROR [mkw_rl.rl.train] [env 1] crashed on luigi_circuit_tt (EOFError: ''); env_streak=3/20 track_streak=5/20 — relaunching
2026-04-23 23:17:37,079 INFO [mkw_rl.env.dolphin_env] [env 1] 31 track_metadata entries have no savestate (curriculum will not sample these until recorded): ['bowsers_castle_tt', 'coconut_mall_tt', 'daisy_circuit_tt', 'dks_snowboard_cross_tt', 'dry_dry_ruins_tt', 'ds_delfino_square_tt', 'ds_desert_hills_tt', 'ds_peach_gardens_tt', 'ds_yoshi_falls_tt', 'gba_bowser_castle_3_tt', 'gba_shy_guy_beach_tt', 'gcn_dk_mountain_tt', 'gcn_mario_circuit_tt', 'gcn_peach_beach_tt', 'gcn_waluigi_stadium_tt', 'grumble_volcano_tt', 'koopa_cape_tt', 'maple_treeway_tt', 'mario_circuit_tt', 'moo_moo_meadows_tt', 'moonview_highway_tt', 'mushroom_gorge_tt', 'n64_bowsers_castle_tt', 'n64_dks_jungle_parkway_tt', 'n64_mario_raceway_tt', 'n64_sherbet_land_tt', 'rainbow_road_tt', 'snes_ghost_valley_2_tt', 'snes_mario_circuit_3_tt', 'toads_factory_tt', 'warios_gold_mine_tt']
2026-04-23 23:17:37,080 INFO [mkw_rl.env.dolphin_env] [env 1] forwarding site-packages: /root/mkwii/.venv/lib/python3.13/site-packages
2026-04-23 23:17:37,080 INFO [mkw_rl.env.dolphin_env] [env 1] launching: /usr/bin/xvfb-run -a /root/mkwii/third_party/Wii-RL/dolphin1/dolphin-emu --batch -C Logger.Options.WriteToConsole=True -C Logger.Logs.SCRIPTING=True --no-python-subinterpreters --script=/root/mkwii/src/mkw_rl/env/dolphin_script.py --exec=/root/mkwii/data/game/mkw.iso (log → runs/btr/dolphin_env_1.log)
2026-04-23 23:17:37,082 INFO [mkw_rl.env.dolphin_env] [env 1] listening on :26331 (accept timeout=300s)
2026-04-23 23:17:38,800 INFO [mkw_rl.rl.train] warmup: replay=992/20000 (5.0%) env_steps=1000
2026-04-23 23:17:39,142 INFO [mkw_rl.env.dolphin_env] [env 1] slave connected
2026-04-23 23:17:49,530 INFO [mkw_rl.rl.train] X11/xvfb cleanup: removed 0 stale, skipped 17 live (age<60s)
2026-04-23 23:18:10,712 INFO [mkw_rl.rl.train] ep=3[env=2] track=luigi_circuit_tt return=-6.75 len=361 env_steps=1854 grad_steps=0
2026-04-23 23:18:16,666 INFO [mkw_rl.rl.train] warmup: replay=1992/20000 (10.0%) env_steps=2000
2026-04-23 23:18:21,079 INFO [mkw_rl.rl.train] ep=4[env=3] track=luigi_circuit_tt return=-13.10 len=281 env_steps=2101 grad_steps=0
2026-04-23 23:18:23,090 INFO [mkw_rl.rl.train] ep=5[env=1] track=luigi_circuit_tt return=-18.68 len=353 env_steps=2135 grad_steps=0
2026-04-23 23:18:26,280 ERROR [mkw_rl.rl.train] [env 1] crashed on luigi_circuit_tt (EOFError: ''); env_streak=1/20 track_streak=1/20 — relaunching
2026-04-23 23:18:26,297 INFO [mkw_rl.env.dolphin_env] [env 1] 31 track_metadata entries have no savestate (curriculum will not sample these until recorded): ['bowsers_castle_tt', 'coconut_mall_tt', 'daisy_circuit_tt', 'dks_snowboard_cross_tt', 'dry_dry_ruins_tt', 'ds_delfino_square_tt', 'ds_desert_hills_tt', 'ds_peach_gardens_tt', 'ds_yoshi_falls_tt', 'gba_bowser_castle_3_tt', 'gba_shy_guy_beach_tt', 'gcn_dk_mountain_tt', 'gcn_mario_circuit_tt', 'gcn_peach_beach_tt', 'gcn_waluigi_stadium_tt', 'grumble_volcano_tt', 'koopa_cape_tt', 'maple_treeway_tt', 'mario_circuit_tt', 'moo_moo_meadows_tt', 'moonview_highway_tt', 'mushroom_gorge_tt', 'n64_bowsers_castle_tt', 'n64_dks_jungle_parkway_tt', 'n64_mario_raceway_tt', 'n64_sherbet_land_tt', 'rainbow_road_tt', 'snes_ghost_valley_2_tt', 'snes_mario_circuit_3_tt', 'toads_factory_tt', 'warios_gold_mine_tt']
2026-04-23 23:18:26,298 INFO [mkw_rl.env.dolphin_env] [env 1] forwarding site-packages: /root/mkwii/.venv/lib/python3.13/site-packages
2026-04-23 23:18:26,298 INFO [mkw_rl.env.dolphin_env] [env 1] launching: /usr/bin/xvfb-run -a /root/mkwii/third_party/Wii-RL/dolphin1/dolphin-emu --batch -C Logger.Options.WriteToConsole=True -C Logger.Logs.SCRIPTING=True --no-python-subinterpreters --script=/root/mkwii/src/mkw_rl/env/dolphin_script.py --exec=/root/mkwii/data/game/mkw.iso (log → runs/btr/dolphin_env_1.log)
2026-04-23 23:18:26,300 INFO [mkw_rl.env.dolphin_env] [env 1] listening on :26331 (accept timeout=300s)
2026-04-23 23:18:28,336 INFO [mkw_rl.env.dolphin_env] [env 1] slave connected
2026-04-23 23:18:32,009 INFO [mkw_rl.rl.train] ep=6[env=0] track=luigi_circuit_tt return=-22.52 len=278 env_steps=2309 grad_steps=0
2026-04-23 23:18:38,443 ERROR [mkw_rl.rl.train] [env 1] crashed on luigi_circuit_tt (EOFError: ''); env_streak=2/20 track_streak=2/20 — relaunching
2026-04-23 23:18:38,459 INFO [mkw_rl.env.dolphin_env] [env 1] 31 track_metadata entries have no savestate (curriculum will not sample these until recorded): ['bowsers_castle_tt', 'coconut_mall_tt', 'daisy_circuit_tt', 'dks_snowboard_cross_tt', 'dry_dry_ruins_tt', 'ds_delfino_square_tt', 'ds_desert_hills_tt', 'ds_peach_gardens_tt', 'ds_yoshi_falls_tt', 'gba_bowser_castle_3_tt', 'gba_shy_guy_beach_tt', 'gcn_dk_mountain_tt', 'gcn_mario_circuit_tt', 'gcn_peach_beach_tt', 'gcn_waluigi_stadium_tt', 'grumble_volcano_tt', 'koopa_cape_tt', 'maple_treeway_tt', 'mario_circuit_tt', 'moo_moo_meadows_tt', 'moonview_highway_tt', 'mushroom_gorge_tt', 'n64_bowsers_castle_tt', 'n64_dks_jungle_parkway_tt', 'n64_mario_raceway_tt', 'n64_sherbet_land_tt', 'rainbow_road_tt', 'snes_ghost_valley_2_tt', 'snes_mario_circuit_3_tt', 'toads_factory_tt', 'warios_gold_mine_tt']
2026-04-23 23:18:38,463 INFO [mkw_rl.env.dolphin_env] [env 1] forwarding site-packages: /root/mkwii/.venv/lib/python3.13/site-packages
2026-04-23 23:18:38,464 INFO [mkw_rl.env.dolphin_env] [env 1] launching: /usr/bin/xvfb-run -a /root/mkwii/third_party/Wii-RL/dolphin1/dolphin-emu --batch -C Logger.Options.WriteToConsole=True -C Logger.Logs.SCRIPTING=True --no-python-subinterpreters --script=/root/mkwii/src/mkw_rl/env/dolphin_script.py --exec=/root/mkwii/data/game/mkw.iso (log → runs/btr/dolphin_env_1.log)
2026-04-23 23:18:38,465 INFO [mkw_rl.env.dolphin_env] [env 1] listening on :26331 (accept timeout=300s)
2026-04-23 23:18:40,470 INFO [mkw_rl.env.dolphin_env] [env 1] slave connected
2026-04-23 23:18:49,535 INFO [mkw_rl.rl.train] X11/xvfb cleanup: removed 15 stale, skipped 4 live (age<60s)
2026-04-23 23:18:49,956 INFO [mkw_rl.rl.train] ep=7[env=2] track=luigi_circuit_tt return=-12.18 len=240 env_steps=2704 grad_steps=0
2026-04-23 23:18:51,234 ERROR [mkw_rl.rl.train] [env 1] crashed on luigi_circuit_tt (EOFError: ''); env_streak=3/20 track_streak=3/20 — relaunching
2026-04-23 23:18:51,249 INFO [mkw_rl.env.dolphin_env] [env 1] 31 track_metadata entries have no savestate (curriculum will not sample these until recorded): ['bowsers_castle_tt', 'coconut_mall_tt', 'daisy_circuit_tt', 'dks_snowboard_cross_tt', 'dry_dry_ruins_tt', 'ds_delfino_square_tt', 'ds_desert_hills_tt', 'ds_peach_gardens_tt', 'ds_yoshi_falls_tt', 'gba_bowser_castle_3_tt', 'gba_shy_guy_beach_tt', 'gcn_dk_mountain_tt', 'gcn_mario_circuit_tt', 'gcn_peach_beach_tt', 'gcn_waluigi_stadium_tt', 'grumble_volcano_tt', 'koopa_cape_tt', 'maple_treeway_tt', 'mario_circuit_tt', 'moo_moo_meadows_tt', 'moonview_highway_tt', 'mushroom_gorge_tt', 'n64_bowsers_castle_tt', 'n64_dks_jungle_parkway_tt', 'n64_mario_raceway_tt', 'n64_sherbet_land_tt', 'rainbow_road_tt', 'snes_ghost_valley_2_tt', 'snes_mario_circuit_3_tt', 'toads_factory_tt', 'warios_gold_mine_tt']
2026-04-23 23:18:51,251 INFO [mkw_rl.env.dolphin_env] [env 1] forwarding site-packages: /root/mkwii/.venv/lib/python3.13/site-packages
2026-04-23 23:18:51,251 INFO [mkw_rl.env.dolphin_env] [env 1] launching: /usr/bin/xvfb-run -a /root/mkwii/third_party/Wii-RL/dolphin1/dolphin-emu --batch -C Logger.Options.WriteToConsole=True -C Logger.Logs.SCRIPTING=True --no-python-subinterpreters --script=/root/mkwii/src/mkw_rl/env/dolphin_script.py --exec=/root/mkwii/data/game/mkw.iso (log → runs/btr/dolphin_env_1.log)
2026-04-23 23:18:51,252 INFO [mkw_rl.env.dolphin_env] [env 1] listening on :26331 (accept timeout=300s)
2026-04-23 23:18:53,346 INFO [mkw_rl.env.dolphin_env] [env 1] slave connected
2026-04-23 23:19:05,079 INFO [mkw_rl.rl.train] warmup: replay=2992/20000 (15.0%) env_steps=3000
2026-04-23 23:19:05,195 ERROR [mkw_rl.rl.train] [env 1] crashed on luigi_circuit_tt (EOFError: ''); env_streak=4/20 track_streak=4/20 — relaunching
2026-04-23 23:19:05,211 INFO [mkw_rl.env.dolphin_env] [env 1] 31 track_metadata entries have no savestate (curriculum will not sample these until recorded): ['bowsers_castle_tt', 'coconut_mall_tt', 'daisy_circuit_tt', 'dks_snowboard_cross_tt', 'dry_dry_ruins_tt', 'ds_delfino_square_tt', 'ds_desert_hills_tt', 'ds_peach_gardens_tt', 'ds_yoshi_falls_tt', 'gba_bowser_castle_3_tt', 'gba_shy_guy_beach_tt', 'gcn_dk_mountain_tt', 'gcn_mario_circuit_tt', 'gcn_peach_beach_tt', 'gcn_waluigi_stadium_tt', 'grumble_volcano_tt', 'koopa_cape_tt', 'maple_treeway_tt', 'mario_circuit_tt', 'moo_moo_meadows_tt', 'moonview_highway_tt', 'mushroom_gorge_tt', 'n64_bowsers_castle_tt', 'n64_dks_jungle_parkway_tt', 'n64_mario_raceway_tt', 'n64_sherbet_land_tt', 'rainbow_road_tt', 'snes_ghost_valley_2_tt', 'snes_mario_circuit_3_tt', 'toads_factory_tt', 'warios_gold_mine_tt']
2026-04-23 23:19:05,213 INFO [mkw_rl.env.dolphin_env] [env 1] forwarding site-packages: /root/mkwii/.venv/lib/python3.13/site-packages
2026-04-23 23:19:05,213 INFO [mkw_rl.env.dolphin_env] [env 1] launching: /usr/bin/xvfb-run -a /root/mkwii/third_party/Wii-RL/dolphin1/dolphin-emu --batch -C Logger.Options.WriteToConsole=True -C Logger.Logs.SCRIPTING=True --no-python-subinterpreters --script=/root/mkwii/src/mkw_rl/env/dolphin_script.py --exec=/root/mkwii/data/game/mkw.iso (log → runs/btr/dolphin_env_1.log)
2026-04-23 23:19:05,215 INFO [mkw_rl.env.dolphin_env] [env 1] listening on :26331 (accept timeout=300s)
2026-04-23 23:19:05,626 INFO [mkw_rl.rl.train] ep=8[env=3] track=luigi_circuit_tt return=-0.18 len=219 env_steps=3011 grad_steps=0
2026-04-23 23:19:06,576 INFO [mkw_rl.rl.train] ep=9[env=0] track=luigi_circuit_tt return=-13.94 len=210 env_steps=3023 grad_steps=0
2026-04-23 23:19:07,291 INFO [mkw_rl.env.dolphin_env] [env 1] slave connected
2026-04-23 23:19:18,575 ERROR [mkw_rl.rl.train] [env 1] crashed on luigi_circuit_tt (EOFError: ''); env_streak=5/20 track_streak=5/20 — relaunching
2026-04-23 23:19:18,594 INFO [mkw_rl.env.dolphin_env] [env 1] 31 track_metadata entries have no savestate (curriculum will not sample these until recorded): ['bowsers_castle_tt', 'coconut_mall_tt', 'daisy_circuit_tt', 'dks_snowboard_cross_tt', 'dry_dry_ruins_tt', 'ds_delfino_square_tt', 'ds_desert_hills_tt', 'ds_peach_gardens_tt', 'ds_yoshi_falls_tt', 'gba_bowser_castle_3_tt', 'gba_shy_guy_beach_tt', 'gcn_dk_mountain_tt', 'gcn_mario_circuit_tt', 'gcn_peach_beach_tt', 'gcn_waluigi_stadium_tt', 'grumble_volcano_tt', 'koopa_cape_tt', 'maple_treeway_tt', 'mario_circuit_tt', 'moo_moo_meadows_tt', 'moonview_highway_tt', 'mushroom_gorge_tt', 'n64_bowsers_castle_tt', 'n64_dks_jungle_parkway_tt', 'n64_mario_raceway_tt', 'n64_sherbet_land_tt', 'rainbow_road_tt', 'snes_ghost_valley_2_tt', 'snes_mario_circuit_3_tt', 'toads_factory_tt', 'warios_gold_mine_tt']
2026-04-23 23:19:18,599 INFO [mkw_rl.env.dolphin_env] [env 1] forwarding site-packages: /root/mkwii/.venv/lib/python3.13/site-packages
2026-04-23 23:19:18,599 INFO [mkw_rl.env.dolphin_env] [env 1] launching: /usr/bin/xvfb-run -a /root/mkwii/third_party/Wii-RL/dolphin1/dolphin-emu --batch -C Logger.Options.WriteToConsole=True -C Logger.Logs.SCRIPTING=True --no-python-subinterpreters --script=/root/mkwii/src/mkw_rl/env/dolphin_script.py --exec=/root/mkwii/data/game/mkw.iso (log → runs/btr/dolphin_env_1.log)
2026-04-23 23:19:18,601 INFO [mkw_rl.env.dolphin_env] [env 1] listening on :26331 (accept timeout=300s)
2026-04-23 23:19:20,667 INFO [mkw_rl.env.dolphin_env] [env 1] slave connected
2026-04-23 23:19:28,200 INFO [mkw_rl.rl.train] ep=10[env=2] track=luigi_circuit_tt return=-20.36 len=242 env_steps=3490 grad_steps=0
2026-04-23 23:19:33,568 ERROR [mkw_rl.rl.train] [env 1] crashed on luigi_circuit_tt (EOFError: ''); env_streak=6/20 track_streak=6/20 — relaunching
2026-04-23 23:19:33,582 INFO [mkw_rl.env.dolphin_env] [env 1] 31 track_metadata entries have no savestate (curriculum will not sample these until recorded): ['bowsers_castle_tt', 'coconut_mall_tt', 'daisy_circuit_tt', 'dks_snowboard_cross_tt', 'dry_dry_ruins_tt', 'ds_delfino_square_tt', 'ds_desert_hills_tt', 'ds_peach_gardens_tt', 'ds_yoshi_falls_tt', 'gba_bowser_castle_3_tt', 'gba_shy_guy_beach_tt', 'gcn_dk_mountain_tt', 'gcn_mario_circuit_tt', 'gcn_peach_beach_tt', 'gcn_waluigi_stadium_tt', 'grumble_volcano_tt', 'koopa_cape_tt', 'maple_treeway_tt', 'mario_circuit_tt', 'moo_moo_meadows_tt', 'moonview_highway_tt', 'mushroom_gorge_tt', 'n64_bowsers_castle_tt', 'n64_dks_jungle_parkway_tt', 'n64_mario_raceway_tt', 'n64_sherbet_land_tt', 'rainbow_road_tt', 'snes_ghost_valley_2_tt', 'snes_mario_circuit_3_tt', 'toads_factory_tt', 'warios_gold_mine_tt']
2026-04-23 23:19:33,586 INFO [mkw_rl.env.dolphin_env] [env 1] forwarding site-packages: /root/mkwii/.venv/lib/python3.13/site-packages
2026-04-23 23:19:33,586 INFO [mkw_rl.env.dolphin_env] [env 1] launching: /usr/bin/xvfb-run -a /root/mkwii/third_party/Wii-RL/dolphin1/dolphin-emu --batch -C Logger.Options.WriteToConsole=True -C Logger.Logs.SCRIPTING=True --no-python-subinterpreters --script=/root/mkwii/src/mkw_rl/env/dolphin_script.py --exec=/root/mkwii/data/game/mkw.iso (log → runs/btr/dolphin_env_1.log)
2026-04-23 23:19:33,587 INFO [mkw_rl.env.dolphin_env] [env 1] listening on :26331 (accept timeout=300s)
2026-04-23 23:19:35,641 INFO [mkw_rl.env.dolphin_env] [env 1] slave connected
2026-04-23 23:19:43,578 INFO [mkw_rl.rl.train] ep=11[env=0] track=luigi_circuit_tt return=-13.69 len=231 env_steps=3832 grad_steps=0
2026-04-23 23:19:44,857 ERROR [mkw_rl.rl.train] [env 1] crashed on luigi_circuit_tt (EOFError: ''); env_streak=7/20 track_streak=7/20 — relaunching
2026-04-23 23:19:44,873 INFO [mkw_rl.env.dolphin_env] [env 1] 31 track_metadata entries have no savestate (curriculum will not sample these until recorded): ['bowsers_castle_tt', 'coconut_mall_tt', 'daisy_circuit_tt', 'dks_snowboard_cross_tt', 'dry_dry_ruins_tt', 'ds_delfino_square_tt', 'ds_desert_hills_tt', 'ds_peach_gardens_tt', 'ds_yoshi_falls_tt', 'gba_bowser_castle_3_tt', 'gba_shy_guy_beach_tt', 'gcn_dk_mountain_tt', 'gcn_mario_circuit_tt', 'gcn_peach_beach_tt', 'gcn_waluigi_stadium_tt', 'grumble_volcano_tt', 'koopa_cape_tt', 'maple_treeway_tt', 'mario_circuit_tt', 'moo_moo_meadows_tt', 'moonview_highway_tt', 'mushroom_gorge_tt', 'n64_bowsers_castle_tt', 'n64_dks_jungle_parkway_tt', 'n64_mario_raceway_tt', 'n64_sherbet_land_tt', 'rainbow_road_tt', 'snes_ghost_valley_2_tt', 'snes_mario_circuit_3_tt', 'toads_factory_tt', 'warios_gold_mine_tt']
2026-04-23 23:19:44,874 INFO [mkw_rl.env.dolphin_env] [env 1] forwarding site-packages: /root/mkwii/.venv/lib/python3.13/site-packages
2026-04-23 23:19:44,874 INFO [mkw_rl.env.dolphin_env] [env 1] launching: /usr/bin/xvfb-run -a /root/mkwii/third_party/Wii-RL/dolphin1/dolphin-emu --batch -C Logger.Options.WriteToConsole=True -C Logger.Logs.SCRIPTING=True --no-python-subinterpreters --script=/root/mkwii/src/mkw_rl/env/dolphin_script.py --exec=/root/mkwii/data/game/mkw.iso (log → runs/btr/dolphin_env_1.log)
2026-04-23 23:19:44,876 INFO [mkw_rl.env.dolphin_env] [env 1] listening on :26331 (accept timeout=300s)
2026-04-23 23:19:46,875 INFO [mkw_rl.env.dolphin_env] [env 1] slave connected
2026-04-23 23:19:49,539 INFO [mkw_rl.rl.train] X11/xvfb cleanup: removed 2 stale, skipped 7 live (age<60s)
2026-04-23 23:19:52,867 INFO [mkw_rl.rl.train] warmup: replay=3992/20000 (20.0%) env_steps=4000
2026-04-23 23:19:55,733 INFO [mkw_rl.rl.train] ep=12[env=3] track=luigi_circuit_tt return=-16.59 len=279 env_steps=4068 grad_steps=0
2026-04-23 23:19:56,300 ERROR [mkw_rl.rl.train] [env 1] crashed on luigi_circuit_tt (EOFError: ''); env_streak=8/20 track_streak=8/20 — relaunching
2026-04-23 23:19:56,316 INFO [mkw_rl.env.dolphin_env] [env 1] 31 track_metadata entries have no savestate (curriculum will not sample these until recorded): ['bowsers_castle_tt', 'coconut_mall_tt', 'daisy_circuit_tt', 'dks_snowboard_cross_tt', 'dry_dry_ruins_tt', 'ds_delfino_square_tt', 'ds_desert_hills_tt', 'ds_peach_gardens_tt', 'ds_yoshi_falls_tt', 'gba_bowser_castle_3_tt', 'gba_shy_guy_beach_tt', 'gcn_dk_mountain_tt', 'gcn_mario_circuit_tt', 'gcn_peach_beach_tt', 'gcn_waluigi_stadium_tt', 'grumble_volcano_tt', 'koopa_cape_tt', 'maple_treeway_tt', 'mario_circuit_tt', 'moo_moo_meadows_tt', 'moonview_highway_tt', 'mushroom_gorge_tt', 'n64_bowsers_castle_tt', 'n64_dks_jungle_parkway_tt', 'n64_mario_raceway_tt', 'n64_sherbet_land_tt', 'rainbow_road_tt', 'snes_ghost_valley_2_tt', 'snes_mario_circuit_3_tt', 'toads_factory_tt', 'warios_gold_mine_tt']
2026-04-23 23:19:56,317 INFO [mkw_rl.env.dolphin_env] [env 1] forwarding site-packages: /root/mkwii/.venv/lib/python3.13/site-packages
2026-04-23 23:19:56,317 INFO [mkw_rl.env.dolphin_env] [env 1] launching: /usr/bin/xvfb-run -a /root/mkwii/third_party/Wii-RL/dolphin1/dolphin-emu --batch -C Logger.Options.WriteToConsole=True -C Logger.Logs.SCRIPTING=True --no-python-subinterpreters --script=/root/mkwii/src/mkw_rl/env/dolphin_script.py --exec=/root/mkwii/data/game/mkw.iso (log → runs/btr/dolphin_env_1.log)
2026-04-23 23:19:56,318 INFO [mkw_rl.env.dolphin_env] [env 1] listening on :26331 (accept timeout=300s)
2026-04-23 23:19:58,377 INFO [mkw_rl.env.dolphin_env] [env 1] slave connected
2026-04-23 23:20:20,527 INFO [mkw_rl.rl.train] ep=13[env=2] track=luigi_circuit_tt return=-9.77 len=312 env_steps=4732 grad_steps=0
2026-04-23 23:20:28,003 INFO [mkw_rl.rl.train] ep=14[env=1] track=luigi_circuit_tt return=-11.23 len=222 env_steps=4912 grad_steps=0
2026-04-23 23:20:31,852 INFO [mkw_rl.rl.train] warmup: replay=4992/20000 (25.0%) env_steps=5000
2026-04-23 23:20:34,462 INFO [mkw_rl.rl.train] ep=15[env=0] track=luigi_circuit_tt return=-14.69 len=325 env_steps=5068 grad_steps=0
2026-04-23 23:20:44,305 INFO [mkw_rl.rl.train] ep=16[env=3] track=luigi_circuit_tt return=-15.74 len=299 env_steps=5305 grad_steps=0
2026-04-23 23:20:49,558 INFO [mkw_rl.rl.train] X11/xvfb cleanup: removed 5 stale, skipped 3 live (age<60s)
2026-04-23 23:20:56,465 INFO [mkw_rl.rl.train] ep=17[env=2] track=luigi_circuit_tt return=-27.41 len=242 env_steps=5632 grad_steps=0
2026-04-23 23:21:12,983 INFO [mkw_rl.rl.train] warmup: replay=5992/20000 (30.0%) env_steps=6000
2026-04-23 23:21:21,948 INFO [mkw_rl.rl.train] ep=18[env=0] track=luigi_circuit_tt return=0.05 len=285 env_steps=6188 grad_steps=0
2026-04-23 23:21:22,134 INFO [mkw_rl.rl.train] ep=19[env=1] track=luigi_circuit_tt return=0.06 len=264 env_steps=6191 grad_steps=0
2026-04-23 23:21:33,614 INFO [mkw_rl.rl.train] ep=20[env=2] track=luigi_circuit_tt return=-13.89 len=238 env_steps=6443 grad_steps=0
2026-04-23 23:21:49,561 INFO [mkw_rl.rl.train] X11/xvfb cleanup: removed 3 stale, skipped 0 live (age<60s)
2026-04-23 23:21:54,372 INFO [mkw_rl.rl.train] warmup: replay=6992/20000 (35.0%) env_steps=7000
2026-04-23 23:21:58,660 INFO [mkw_rl.rl.train] ep=21[env=0] track=luigi_circuit_tt return=-26.66 len=248 env_steps=7100 grad_steps=0
2026-04-23 23:22:05,519 INFO [mkw_rl.rl.train] ep=22[env=1] track=luigi_circuit_tt return=-6.92 len=263 env_steps=7237 grad_steps=0
2026-04-23 23:22:07,444 INFO [mkw_rl.rl.train] ep=23[env=3] track=luigi_circuit_tt return=-29.79 len=439 env_steps=7270 grad_steps=0
2026-04-23 23:22:10,542 INFO [mkw_rl.rl.train] ep=24[env=2] track=luigi_circuit_tt return=-10.89 len=236 env_steps=7336 grad_steps=0
2026-04-23 23:22:35,276 INFO [mkw_rl.rl.train] warmup: replay=7992/20000 (40.0%) env_steps=8000
2026-04-23 23:22:44,227 INFO [mkw_rl.rl.train] ep=25[env=3] track=luigi_circuit_tt return=-14.73 len=234 env_steps=8203 grad_steps=0
2026-04-23 23:22:45,755 INFO [mkw_rl.rl.train] ep=26[env=1] track=luigi_circuit_tt return=-10.79 len=258 env_steps=8226 grad_steps=0
2026-04-23 23:22:46,379 INFO [mkw_rl.rl.train] ep=27[env=0] track=luigi_circuit_tt return=-2.45 len=287 env_steps=8236 grad_steps=0
2026-04-23 23:22:58,167 INFO [mkw_rl.rl.train] ep=28[env=2] track=luigi_circuit_tt return=-1.99 len=264 env_steps=8468 grad_steps=0
2026-04-23 23:23:22,711 INFO [mkw_rl.rl.train] warmup: replay=8992/20000 (45.0%) env_steps=9000
2026-04-23 23:23:39,125 INFO [mkw_rl.rl.train] ep=29[env=2] track=luigi_circuit_tt return=-7.95 len=257 env_steps=9451 grad_steps=0
2026-04-23 23:23:43,504 INFO [mkw_rl.rl.train] ep=30[env=0] track=luigi_circuit_tt return=-7.55 len=340 env_steps=9557 grad_steps=0
2026-04-23 23:23:44,759 INFO [mkw_rl.rl.train] ep=31[env=1] track=luigi_circuit_tt return=-20.84 len=343 env_steps=9582 grad_steps=0
2026-04-23 23:23:46,798 INFO [mkw_rl.rl.train] ep=32[env=3] track=luigi_circuit_tt return=-14.01 len=343 env_steps=9624 grad_steps=0
2026-04-23 23:24:03,415 INFO [mkw_rl.rl.train] warmup: replay=9992/20000 (50.0%) env_steps=10000
2026-04-23 23:24:18,018 INFO [mkw_rl.rl.train] ep=33[env=2] track=luigi_circuit_tt return=-5.86 len=243 env_steps=10354 grad_steps=0
2026-04-23 23:24:30,123 INFO [mkw_rl.rl.train] ep=34[env=1] track=luigi_circuit_tt return=-18.50 len=308 env_steps=10665 grad_steps=0
2026-04-23 23:24:35,707 INFO [mkw_rl.rl.train] ep=35[env=0] track=luigi_circuit_tt return=-2.17 len=265 env_steps=10797 grad_steps=0
2026-04-23 23:24:41,821 INFO [mkw_rl.rl.train] ep=36[env=3] track=luigi_circuit_tt return=-13.02 len=306 env_steps=10946 grad_steps=0
2026-04-23 23:24:44,190 INFO [mkw_rl.rl.train] warmup: replay=10992/20000 (55.0%) env_steps=11000
2026-04-23 23:24:54,250 INFO [mkw_rl.rl.train] ep=37[env=2] track=luigi_circuit_tt return=-23.57 len=236 env_steps=11267 grad_steps=0
2026-04-23 23:25:10,940 INFO [mkw_rl.rl.train] ep=38[env=1] track=luigi_circuit_tt return=-7.06 len=235 env_steps=11666 grad_steps=0
2026-04-23 23:25:18,907 INFO [mkw_rl.rl.train] ep=39[env=0] track=luigi_circuit_tt return=-21.08 len=259 env_steps=11838 grad_steps=0
2026-04-23 23:25:25,422 INFO [mkw_rl.rl.train] ep=40[env=3] track=luigi_circuit_tt return=-18.26 len=252 env_steps=11985 grad_steps=0
2026-04-23 23:25:26,218 INFO [mkw_rl.rl.train] warmup: replay=11994/20000 (60.0%) env_steps=12000
2026-04-23 23:25:33,831 INFO [mkw_rl.rl.train] ep=41[env=2] track=luigi_circuit_tt return=-8.66 len=232 env_steps=12187 grad_steps=0
2026-04-23 23:25:47,598 INFO [mkw_rl.rl.train] ep=42[env=1] track=luigi_circuit_tt return=-20.58 len=247 env_steps=12533 grad_steps=0
2026-04-23 23:25:55,830 INFO [mkw_rl.rl.train] ep=43[env=0] track=luigi_circuit_tt return=-6.18 len=225 env_steps=12725 grad_steps=0
2026-04-23 23:26:06,334 INFO [mkw_rl.rl.train] ep=44[env=3] track=luigi_circuit_tt return=-10.18 len=223 env_steps=12967 grad_steps=0
2026-04-23 23:26:08,038 INFO [mkw_rl.rl.train] warmup: replay=12992/20000 (65.0%) env_steps=13000
2026-04-23 23:26:14,420 INFO [mkw_rl.rl.train] ep=45[env=2] track=luigi_circuit_tt return=-7.71 len=239 env_steps=13133 grad_steps=0
2026-04-23 23:26:28,448 INFO [mkw_rl.rl.train] ep=46[env=1] track=luigi_circuit_tt return=-23.92 len=249 env_steps=13431 grad_steps=0
2026-04-23 23:26:49,384 INFO [mkw_rl.rl.train] ep=47[env=0] track=luigi_circuit_tt return=-12.85 len=326 env_steps=13948 grad_steps=0
2026-04-23 23:26:52,030 INFO [mkw_rl.rl.train] warmup: replay=13992/20000 (70.0%) env_steps=14000
2026-04-23 23:26:55,085 INFO [mkw_rl.rl.train] ep=48[env=2] track=luigi_circuit_tt return=-15.16 len=248 env_steps=14065 grad_steps=0
2026-04-23 23:27:06,643 INFO [mkw_rl.rl.train] ep=49[env=1] track=luigi_circuit_tt return=-5.71 len=233 env_steps=14320 grad_steps=0
2026-04-23 23:27:25,892 INFO [mkw_rl.rl.train] ep=50[env=0] track=luigi_circuit_tt return=-6.49 len=240 env_steps=14786 grad_steps=0
2026-04-23 23:27:34,451 INFO [mkw_rl.rl.train] warmup: replay=14993/20000 (75.0%) env_steps=15001
2026-04-23 23:27:40,159 INFO [mkw_rl.rl.train] ep=51[env=2] track=luigi_circuit_tt return=-9.49 len=284 env_steps=15153 grad_steps=0
2026-04-23 23:27:46,773 INFO [mkw_rl.rl.train] ep=52[env=1] track=luigi_circuit_tt return=-5.07 len=233 env_steps=15299 grad_steps=0
2026-04-23 23:27:50,699 INFO [mkw_rl.rl.train] ep=53[env=3] track=luigi_circuit_tt return=-5.79 len=513 env_steps=15385 grad_steps=0
2026-04-23 23:28:03,984 INFO [mkw_rl.rl.train] ep=54[env=0] track=luigi_circuit_tt return=-18.43 len=239 env_steps=15701 grad_steps=0
2026-04-23 23:28:15,866 INFO [mkw_rl.rl.train] warmup: replay=15993/20000 (80.0%) env_steps=16001
2026-04-23 23:28:25,046 INFO [mkw_rl.rl.train] ep=55[env=1] track=luigi_circuit_tt return=-5.37 len=232 env_steps=16221 grad_steps=0
2026-04-23 23:28:25,179 INFO [mkw_rl.rl.train] ep=56[env=3] track=luigi_circuit_tt return=-20.32 len=223 env_steps=16224 grad_steps=0
2026-04-23 23:28:41,035 INFO [mkw_rl.rl.train] ep=57[env=0] track=luigi_circuit_tt return=-13.12 len=225 env_steps=16561 grad_steps=0
2026-04-23 23:28:57,452 INFO [mkw_rl.rl.train] warmup: replay=16993/20000 (85.0%) env_steps=17001
2026-04-23 23:29:03,497 INFO [mkw_rl.rl.train] ep=58[env=1] track=luigi_circuit_tt return=-10.06 len=236 env_steps=17141 grad_steps=0
2026-04-23 23:29:15,245 INFO [mkw_rl.rl.train] ep=59[env=0] track=luigi_circuit_tt return=-12.88 len=219 env_steps=17381 grad_steps=0
2026-04-23 23:29:15,927 INFO [mkw_rl.rl.train] ep=60[env=3] track=luigi_circuit_tt return=-11.00 len=257 env_steps=17392 grad_steps=0
2026-04-23 23:29:18,503 INFO [mkw_rl.rl.train] ep=61[env=2] track=luigi_circuit_tt return=-16.78 len=530 env_steps=17439 grad_steps=0
2026-04-23 23:29:36,431 INFO [mkw_rl.rl.train] ep=62[env=1] track=luigi_circuit_tt return=-25.28 len=223 env_steps=17852 grad_steps=0
2026-04-23 23:29:42,670 INFO [mkw_rl.rl.train] warmup: replay=17993/20000 (90.0%) env_steps=18001
2026-04-23 23:29:54,515 INFO [mkw_rl.rl.train] ep=63[env=0] track=luigi_circuit_tt return=-15.26 len=240 env_steps=18319 grad_steps=0
2026-04-23 23:30:14,225 INFO [mkw_rl.rl.train] ep=64[env=1] track=luigi_circuit_tt return=-18.34 len=243 env_steps=18783 grad_steps=0
2026-04-23 23:30:16,407 INFO [mkw_rl.rl.train] ep=65[env=2] track=luigi_circuit_tt return=-3.89 len=335 env_steps=18827 grad_steps=0
2026-04-23 23:30:17,964 INFO [mkw_rl.rl.train] ep=66[env=3] track=luigi_circuit_tt return=-2.28 len=323 env_steps=18855 grad_steps=0
2026-04-23 23:30:24,444 INFO [mkw_rl.rl.train] warmup: replay=18993/20000 (95.0%) env_steps=19001
2026-04-23 23:30:48,307 INFO [mkw_rl.rl.train] ep=67[env=0] track=luigi_circuit_tt return=-10.84 len=291 env_steps=19544 grad_steps=0
2026-04-23 23:30:53,815 INFO [mkw_rl.rl.train] ep=68[env=1] track=luigi_circuit_tt return=-6.22 len=234 env_steps=19659 grad_steps=0
2026-04-23 23:30:58,926 INFO [mkw_rl.rl.train] ep=69[env=2] track=luigi_circuit_tt return=-14.41 len=251 env_steps=19772 grad_steps=0
2026-04-23 23:31:08,014 INFO [mkw_rl.rl.train] ep=70[env=3] track=luigi_circuit_tt return=-6.99 len=274 env_steps=19992 grad_steps=0
2026-04-23 23:31:08,453 INFO [mkw_rl.rl.train] warmup: replay=19995/20000 (100.0%) env_steps=20001
/root/mkwii/.venv/lib/python3.13/site-packages/torch/nn/modules/rnn.py:1169: UserWarning: RNN module weights are not part of single contiguous chunk of memory. This means they need to be compacted at every call, possibly greatly increasing memory usage. To compact weights again call flatten_parameters(). (Triggered internally at /pytorch/aten/src/ATen/native/cudnn/RNN.cpp:1479.)
  result = _VF.lstm(
2026-04-23 23:31:09,544 INFO [mkw_rl.rl.train] ep=71[env=0] track=luigi_circuit_tt return=0.19 len=115 env_steps=20009 grad_steps=0
2026-04-23 23:31:09,545 INFO [mkw_rl.rl.train] ep=72[env=1] track=luigi_circuit_tt return=-6.83 len=102 env_steps=20009 grad_steps=0
2026-04-23 23:31:09,545 INFO [mkw_rl.rl.train] ep=73[env=2] track=luigi_circuit_tt return=0.12 len=50 env_steps=20009 grad_steps=0
2026-04-23 23:32:10,905 INFO [mkw_rl.rl.train] saved checkpoint runs/btr/shakedown_bs64_20260423_231645_final.pt (grad=0 env=20009 +replay)
Traceback (most recent call last):
  File "/root/mkwii/scripts/train_btr.py", line 189, in <module>
    sys.exit(main())
             ~~~~^^
  File "/root/mkwii/scripts/train_btr.py", line 184, in main
    train(cfg, resume_from=args.resume, run_name=args.run_name)
    ~~~~~^^^^^^^^^^^^^^^^^^^^^^^^^^^^^^^^^^^^^^^^^^^^^^^^^^^^^^
  File "/root/mkwii/src/mkw_rl/rl/train.py", line 1691, in train
    return _train_vector(cfg, agent, logger, run_name)
  File "/root/mkwii/src/mkw_rl/rl/train.py", line 1546, in _train_vector
    learn_metrics = agent.learn_step()
  File "/root/mkwii/src/mkw_rl/rl/train.py", line 748, in learn_step
    online_quantiles_seq, online_taus_seq, _ = self.online_net(
                                               ~~~~~~~~~~~~~~~^
        learn_states, hidden=hidden_online
        ^^^^^^^^^^^^^^^^^^^^^^^^^^^^^^^^^^
    )
    ^
  File "/root/mkwii/.venv/lib/python3.13/site-packages/torch/nn/modules/module.py", line 1779, in _wrapped_call_impl
    return self._call_impl(*args, **kwargs)
           ~~~~~~~~~~~~~~~^^^^^^^^^^^^^^^^^
  File "/root/mkwii/.venv/lib/python3.13/site-packages/torch/nn/modules/module.py", line 1790, in _call_impl
    return forward_call(*args, **kwargs)
  File "/root/mkwii/src/mkw_rl/rl/model.py", line 196, in forward
    features = self.encoder(x)  # (B*T, feature_dim)
  File "/root/mkwii/.venv/lib/python3.13/site-packages/torch/nn/modules/module.py", line 1779, in _wrapped_call_impl
    return self._call_impl(*args, **kwargs)
           ~~~~~~~~~~~~~~~^^^^^^^^^^^^^^^^^
  File "/root/mkwii/.venv/lib/python3.13/site-packages/torch/nn/modules/module.py", line 1790, in _call_impl
    return forward_call(*args, **kwargs)
  File "/root/mkwii/src/mkw_rl/bc/model.py", line 189, in forward
    x = self._forward_conv(x)
  File "/root/mkwii/src/mkw_rl/bc/model.py", line 183, in _forward_conv
    x = self.block2(x)
  File "/root/mkwii/.venv/lib/python3.13/site-packages/torch/nn/modules/module.py", line 1779, in _wrapped_call_impl
    return self._call_impl(*args, **kwargs)
           ~~~~~~~~~~~~~~~^^^^^^^^^^^^^^^^^
  File "/root/mkwii/.venv/lib/python3.13/site-packages/torch/nn/modules/module.py", line 1790, in _call_impl
    return forward_call(*args, **kwargs)
  File "/root/mkwii/src/mkw_rl/bc/model.py", line 108, in forward
    x = self.res1(x)
  File "/root/mkwii/.venv/lib/python3.13/site-packages/torch/nn/modules/module.py", line 1779, in _wrapped_call_impl
    return self._call_impl(*args, **kwargs)
           ~~~~~~~~~~~~~~~^^^^^^^^^^^^^^^^^
  File "/root/mkwii/.venv/lib/python3.13/site-packages/torch/nn/modules/module.py", line 1790, in _call_impl
    return forward_call(*args, **kwargs)
  File "/root/mkwii/src/mkw_rl/bc/model.py", line 73, in forward
    y = self.conv1(y)
  File "/root/mkwii/.venv/lib/python3.13/site-packages/torch/nn/modules/module.py", line 1779, in _wrapped_call_impl
    return self._call_impl(*args, **kwargs)
           ~~~~~~~~~~~~~~~^^^^^^^^^^^^^^^^^
  File "/root/mkwii/.venv/lib/python3.13/site-packages/torch/nn/modules/module.py", line 1790, in _call_impl
    return forward_call(*args, **kwargs)
  File "/root/mkwii/.venv/lib/python3.13/site-packages/torch/nn/modules/conv.py", line 553, in forward
    return self._conv_forward(input, self.weight, self.bias)
                                     ^^^^^^^^^^^
  File "/root/mkwii/.venv/lib/python3.13/site-packages/torch/nn/utils/parametrize.py", line 421, in get_parametrized
    return parametrization()
  File "/root/mkwii/.venv/lib/python3.13/site-packages/torch/nn/modules/module.py", line 1779, in _wrapped_call_impl
    return self._call_impl(*args, **kwargs)
           ~~~~~~~~~~~~~~~^^^^^^^^^^^^^^^^^
  File "/root/mkwii/.venv/lib/python3.13/site-packages/torch/nn/modules/module.py", line 1790, in _call_impl
    return forward_call(*args, **kwargs)
  File "/root/mkwii/.venv/lib/python3.13/site-packages/torch/nn/utils/parametrize.py", line 312, in forward
    x = self[0](self.original)
  File "/root/mkwii/.venv/lib/python3.13/site-packages/torch/nn/modules/module.py", line 1779, in _wrapped_call_impl
    return self._call_impl(*args, **kwargs)
           ~~~~~~~~~~~~~~~^^^^^^^^^^^^^^^^^
  File "/root/mkwii/.venv/lib/python3.13/site-packages/torch/nn/modules/module.py", line 1790, in _call_impl
    return forward_call(*args, **kwargs)
  File "/root/mkwii/.venv/lib/python3.13/site-packages/torch/nn/utils/parametrizations.py", line 527, in forward
    return weight / sigma
           ~~~~~~~^~~~~~~
torch.OutOfMemoryError: CUDA out of memory. Tried to allocate 2.00 MiB. GPU 0 has a total capacity of 15.48 GiB of which 1.25 MiB is free. Including non-PyTorch memory, this process has 15.47 GiB memory in use. Of the allocated memory 15.05 GiB is allocated by PyTorch, and 32.52 MiB is reserved by PyTorch but unallocated. If reserved but unallocated memory is large try setting PYTORCH_CUDA_ALLOC_CONF=expandable_segments:True to avoid fragmentation.  See documentation for Memory Management  (https://docs.pytorch.org/docs/stable/notes/cuda.html#optimizing-memory-usage-with-pytorch-cuda-alloc-conf)
