  # multi-env rollout; each env_id=0..num_envs-1 gets its own dolphin{i}/
  num_envs: 2
  # With num_envs == 1, dolphin_app points at a single Dolphin install.
  # With num_envs > 1, _make_env appends dolphin{env_id}/ to dolphin_app's
2026-04-23 01:03:02,544 INFO [__main__] testing mode active — total_frames=500, batch_size=4, replay=1024
2026-04-23 01:03:03,676 INFO [mkw_rl.rl.train] using CSV logger at runs/btr/smoke_multi_20260423_010301.csv
2026-04-23 01:03:03,676 INFO [mkw_rl.rl.train] starting training — run=smoke_multi_20260423_010301 device=cuda num_envs=2
2026-04-23 01:03:03,687 INFO [mkw_rl.env.dolphin_env] [env 0] 31 track_metadata entries have no savestate (curriculum will not sample these until recorded): ['bowsers_castle_tt', 'coconut_mall_tt', 'daisy_circuit_tt', 'dks_snowboard_cross_tt', 'dry_dry_ruins_tt', 'ds_delfino_square_tt', 'ds_desert_hills_tt', 'ds_peach_gardens_tt', 'ds_yoshi_falls_tt', 'gba_bowser_castle_3_tt', 'gba_shy_guy_beach_tt', 'gcn_dk_mountain_tt', 'gcn_mario_circuit_tt', 'gcn_peach_beach_tt', 'gcn_waluigi_stadium_tt', 'grumble_volcano_tt', 'koopa_cape_tt', 'maple_treeway_tt', 'mario_circuit_tt', 'moo_moo_meadows_tt', 'moonview_highway_tt', 'mushroom_gorge_tt', 'n64_bowsers_castle_tt', 'n64_dks_jungle_parkway_tt', 'n64_mario_raceway_tt', 'n64_sherbet_land_tt', 'rainbow_road_tt', 'snes_ghost_valley_2_tt', 'snes_mario_circuit_3_tt', 'toads_factory_tt', 'warios_gold_mine_tt']
2026-04-23 01:03:03,698 INFO [mkw_rl.env.dolphin_env] [env 1] 31 track_metadata entries have no savestate (curriculum will not sample these until recorded): ['bowsers_castle_tt', 'coconut_mall_tt', 'daisy_circuit_tt', 'dks_snowboard_cross_tt', 'dry_dry_ruins_tt', 'ds_delfino_square_tt', 'ds_desert_hills_tt', 'ds_peach_gardens_tt', 'ds_yoshi_falls_tt', 'gba_bowser_castle_3_tt', 'gba_shy_guy_beach_tt', 'gcn_dk_mountain_tt', 'gcn_mario_circuit_tt', 'gcn_peach_beach_tt', 'gcn_waluigi_stadium_tt', 'grumble_volcano_tt', 'koopa_cape_tt', 'maple_treeway_tt', 'mario_circuit_tt', 'moo_moo_meadows_tt', 'moonview_highway_tt', 'mushroom_gorge_tt', 'n64_bowsers_castle_tt', 'n64_dks_jungle_parkway_tt', 'n64_mario_raceway_tt', 'n64_sherbet_land_tt', 'rainbow_road_tt', 'snes_ghost_valley_2_tt', 'snes_mario_circuit_3_tt', 'toads_factory_tt', 'warios_gold_mine_tt']
2026-04-23 01:03:03,701 INFO [mkw_rl.env.dolphin_env] [env 1] forwarding site-packages: /root/mkwii/.venv/lib/python3.13/site-packages
2026-04-23 01:03:03,701 INFO [mkw_rl.env.dolphin_env] [env 0] forwarding site-packages: /root/mkwii/.venv/lib/python3.13/site-packages
2026-04-23 01:03:03,701 INFO [mkw_rl.env.dolphin_env] [env 0] launching: /usr/bin/xvfb-run -a /root/mkwii/third_party/Wii-RL/dolphin0/dolphin-emu --batch -C Logger.Options.WriteToConsole=True -C Logger.Logs.SCRIPTING=True --no-python-subinterpreters --script=/root/mkwii/src/mkw_rl/env/dolphin_script.py --exec=/root/mkwii/data/game/mkw.iso (log → runs/btr/dolphin_env_0.log)
2026-04-23 01:03:03,702 INFO [mkw_rl.env.dolphin_env] [env 1] launching: /usr/bin/xvfb-run -a /root/mkwii/third_party/Wii-RL/dolphin1/dolphin-emu --batch -C Logger.Options.WriteToConsole=True -C Logger.Logs.SCRIPTING=True --no-python-subinterpreters --script=/root/mkwii/src/mkw_rl/env/dolphin_script.py --exec=/root/mkwii/data/game/mkw.iso (log → runs/btr/dolphin_env_1.log)
2026-04-23 01:03:03,703 INFO [mkw_rl.env.dolphin_env] [env 0] listening on :26330 (accept timeout=300s)
2026-04-23 01:03:03,704 INFO [mkw_rl.env.dolphin_env] [env 1] listening on :26331 (accept timeout=300s)
2026-04-23 01:03:06,696 INFO [mkw_rl.env.dolphin_env] [env 1] slave connected
2026-04-23 01:03:06,718 INFO [mkw_rl.env.dolphin_env] [env 0] slave connected
/root/mkwii/.venv/lib/python3.13/site-packages/torch/nn/modules/rnn.py:1169: UserWarning: RNN module weights are not part of single contiguous chunk of memory. This means they need to be compacted at every call, possibly greatly increasing memory usage. To compact weights again call flatten_parameters(). (Triggered internally at /pytorch/aten/src/ATen/native/cudnn/RNN.cpp:1479.)
  result = _VF.lstm(
2026-04-23 01:03:21,564 INFO [mkw_rl.rl.train] saved checkpoint runs/btr/smoke_multi_20260423_010301_grad100.pt (grad=100 env=101)
2026-04-23 01:03:28,619 INFO [mkw_rl.rl.train] saved checkpoint runs/btr/smoke_multi_20260423_010301_grad150.pt (grad=150 env=151)
2026-04-23 01:03:37,172 INFO [mkw_rl.rl.train] saved checkpoint runs/btr/smoke_multi_20260423_010301_grad200.pt (grad=200 env=201)
2026-04-23 01:03:45,235 INFO [mkw_rl.rl.train] saved checkpoint runs/btr/smoke_multi_20260423_010301_grad250.pt (grad=250 env=250)
2026-04-23 01:03:53,531 INFO [mkw_rl.rl.train] saved checkpoint runs/btr/smoke_multi_20260423_010301_grad300.pt (grad=300 env=300)
2026-04-23 01:04:01,959 INFO [mkw_rl.rl.train] saved checkpoint runs/btr/smoke_multi_20260423_010301_grad350.pt (grad=350 env=350)
2026-04-23 01:04:01,963 INFO [mkw_rl.rl.train] pruned old checkpoint runs/btr/smoke_multi_20260423_010301_grad100.pt
2026-04-23 01:04:10,491 INFO [mkw_rl.rl.train] saved checkpoint runs/btr/smoke_multi_20260423_010301_grad400.pt (grad=400 env=400)
2026-04-23 01:04:10,494 INFO [mkw_rl.rl.train] pruned old checkpoint runs/btr/smoke_multi_20260423_010301_grad150.pt
2026-04-23 01:04:19,166 INFO [mkw_rl.rl.train] saved checkpoint runs/btr/smoke_multi_20260423_010301_grad450.pt (grad=450 env=450)
2026-04-23 01:04:19,170 INFO [mkw_rl.rl.train] pruned old checkpoint runs/btr/smoke_multi_20260423_010301_grad200.pt
2026-04-23 01:04:26,178 INFO [mkw_rl.rl.train] ep=1[env=0] track=luigi_circuit_tt return=-22.24 len=254 env_steps=501 grad_steps=499
2026-04-23 01:04:26,260 INFO [mkw_rl.rl.train] ep=2[env=1] track=luigi_circuit_tt return=-17.06 len=248 env_steps=502 grad_steps=499
2026-04-23 01:04:26,334 INFO [mkw_rl.rl.train] saved checkpoint runs/btr/smoke_multi_20260423_010301_final.pt (grad=499 env=502)
