2026-04-23 02:16:14,217 INFO [__main__] testing mode active — total_frames=500, batch_size=4, replay=1024
2026-04-23 02:16:15,328 INFO [mkw_rl.rl.train] using CSV logger at runs/btr/smoke2_20260423_021612.csv
2026-04-23 02:16:15,328 INFO [mkw_rl.rl.train] starting training — run=smoke2_20260423_021612 device=cuda num_envs=2
2026-04-23 02:16:15,339 INFO [mkw_rl.env.dolphin_env] [env 0] 31 track_metadata entries have no savestate (curriculum will not sample these until recorded): ['bowsers_castle_tt', 'coconut_mall_tt', 'daisy_circuit_tt', 'dks_snowboard_cross_tt', 'dry_dry_ruins_tt', 'ds_delfino_square_tt', 'ds_desert_hills_tt', 'ds_peach_gardens_tt', 'ds_yoshi_falls_tt', 'gba_bowser_castle_3_tt', 'gba_shy_guy_beach_tt', 'gcn_dk_mountain_tt', 'gcn_mario_circuit_tt', 'gcn_peach_beach_tt', 'gcn_waluigi_stadium_tt', 'grumble_volcano_tt', 'koopa_cape_tt', 'maple_treeway_tt', 'mario_circuit_tt', 'moo_moo_meadows_tt', 'moonview_highway_tt', 'mushroom_gorge_tt', 'n64_bowsers_castle_tt', 'n64_dks_jungle_parkway_tt', 'n64_mario_raceway_tt', 'n64_sherbet_land_tt', 'rainbow_road_tt', 'snes_ghost_valley_2_tt', 'snes_mario_circuit_3_tt', 'toads_factory_tt', 'warios_gold_mine_tt']
2026-04-23 02:16:15,350 INFO [mkw_rl.env.dolphin_env] [env 1] 31 track_metadata entries have no savestate (curriculum will not sample these until recorded): ['bowsers_castle_tt', 'coconut_mall_tt', 'daisy_circuit_tt', 'dks_snowboard_cross_tt', 'dry_dry_ruins_tt', 'ds_delfino_square_tt', 'ds_desert_hills_tt', 'ds_peach_gardens_tt', 'ds_yoshi_falls_tt', 'gba_bowser_castle_3_tt', 'gba_shy_guy_beach_tt', 'gcn_dk_mountain_tt', 'gcn_mario_circuit_tt', 'gcn_peach_beach_tt', 'gcn_waluigi_stadium_tt', 'grumble_volcano_tt', 'koopa_cape_tt', 'maple_treeway_tt', 'mario_circuit_tt', 'moo_moo_meadows_tt', 'moonview_highway_tt', 'mushroom_gorge_tt', 'n64_bowsers_castle_tt', 'n64_dks_jungle_parkway_tt', 'n64_mario_raceway_tt', 'n64_sherbet_land_tt', 'rainbow_road_tt', 'snes_ghost_valley_2_tt', 'snes_mario_circuit_3_tt', 'toads_factory_tt', 'warios_gold_mine_tt']
2026-04-23 02:16:15,352 INFO [mkw_rl.env.dolphin_env] [env 1] forwarding site-packages: /root/mkwii/.venv/lib/python3.13/site-packages
2026-04-23 02:16:15,352 INFO [mkw_rl.env.dolphin_env] [env 0] forwarding site-packages: /root/mkwii/.venv/lib/python3.13/site-packages
2026-04-23 02:16:15,353 INFO [mkw_rl.env.dolphin_env] [env 1] launching: /usr/bin/xvfb-run -a /root/mkwii/third_party/Wii-RL/dolphin1/dolphin-emu --batch -C Logger.Options.WriteToConsole=True -C Logger.Logs.SCRIPTING=True --no-python-subinterpreters --script=/root/mkwii/src/mkw_rl/env/dolphin_script.py --exec=/root/mkwii/data/game/mkw.iso (log → runs/btr/dolphin_env_1.log)
2026-04-23 02:16:15,353 INFO [mkw_rl.env.dolphin_env] [env 0] launching: /usr/bin/xvfb-run -a /root/mkwii/third_party/Wii-RL/dolphin0/dolphin-emu --batch -C Logger.Options.WriteToConsole=True -C Logger.Logs.SCRIPTING=True --no-python-subinterpreters --script=/root/mkwii/src/mkw_rl/env/dolphin_script.py --exec=/root/mkwii/data/game/mkw.iso (log → runs/btr/dolphin_env_0.log)
2026-04-23 02:16:15,354 INFO [mkw_rl.env.dolphin_env] [env 0] listening on :26330 (accept timeout=300s)
2026-04-23 02:16:15,355 INFO [mkw_rl.env.dolphin_env] [env 1] listening on :26331 (accept timeout=300s)
2026-04-23 02:16:17,200 INFO [mkw_rl.env.dolphin_env] [env 0] slave connected
2026-04-23 02:16:17,443 INFO [mkw_rl.env.dolphin_env] [env 1] slave connected
/root/mkwii/.venv/lib/python3.13/site-packages/torch/nn/modules/rnn.py:1169: UserWarning: RNN module weights are not part of single contiguous chunk of memory. This means they need to be compacted at every call, possibly greatly increasing memory usage. To compact weights again call flatten_parameters(). (Triggered internally at /pytorch/aten/src/ATen/native/cudnn/RNN.cpp:1479.)
  result = _VF.lstm(
2026-04-23 02:16:32,633 INFO [mkw_rl.rl.train] saved checkpoint runs/btr/smoke2_20260423_021612_grad100.pt (grad=100 env=100)
2026-04-23 02:16:35,167 ERROR [mkw_rl.rl.train] [env 1] crashed on luigi_circuit_tt (EOFError: ''); env_streak=1/5 track_streak=1/3 — relaunching
2026-04-23 02:16:35,182 INFO [mkw_rl.env.dolphin_env] [env 1] 31 track_metadata entries have no savestate (curriculum will not sample these until recorded): ['bowsers_castle_tt', 'coconut_mall_tt', 'daisy_circuit_tt', 'dks_snowboard_cross_tt', 'dry_dry_ruins_tt', 'ds_delfino_square_tt', 'ds_desert_hills_tt', 'ds_peach_gardens_tt', 'ds_yoshi_falls_tt', 'gba_bowser_castle_3_tt', 'gba_shy_guy_beach_tt', 'gcn_dk_mountain_tt', 'gcn_mario_circuit_tt', 'gcn_peach_beach_tt', 'gcn_waluigi_stadium_tt', 'grumble_volcano_tt', 'koopa_cape_tt', 'maple_treeway_tt', 'mario_circuit_tt', 'moo_moo_meadows_tt', 'moonview_highway_tt', 'mushroom_gorge_tt', 'n64_bowsers_castle_tt', 'n64_dks_jungle_parkway_tt', 'n64_mario_raceway_tt', 'n64_sherbet_land_tt', 'rainbow_road_tt', 'snes_ghost_valley_2_tt', 'snes_mario_circuit_3_tt', 'toads_factory_tt', 'warios_gold_mine_tt']
2026-04-23 02:16:35,185 INFO [mkw_rl.env.dolphin_env] [env 1] forwarding site-packages: /root/mkwii/.venv/lib/python3.13/site-packages
2026-04-23 02:16:35,185 INFO [mkw_rl.env.dolphin_env] [env 1] launching: /usr/bin/xvfb-run -a /root/mkwii/third_party/Wii-RL/dolphin1/dolphin-emu --batch -C Logger.Options.WriteToConsole=True -C Logger.Logs.SCRIPTING=True --no-python-subinterpreters --script=/root/mkwii/src/mkw_rl/env/dolphin_script.py --exec=/root/mkwii/data/game/mkw.iso (log → runs/btr/dolphin_env_1.log)
2026-04-23 02:16:35,187 INFO [mkw_rl.env.dolphin_env] [env 1] listening on :26331 (accept timeout=300s)
2026-04-23 02:16:37,064 INFO [mkw_rl.env.dolphin_env] [env 1] slave connected
2026-04-23 02:16:47,915 INFO [mkw_rl.rl.train] saved checkpoint runs/btr/smoke2_20260423_021612_grad200.pt (grad=200 env=200)
2026-04-23 02:16:55,412 INFO [mkw_rl.rl.train] saved checkpoint runs/btr/smoke2_20260423_021612_grad250.pt (grad=250 env=250)
2026-04-23 02:17:03,047 INFO [mkw_rl.rl.train] saved checkpoint runs/btr/smoke2_20260423_021612_grad300.pt (grad=300 env=301)
2026-04-23 02:17:10,755 INFO [mkw_rl.rl.train] saved checkpoint runs/btr/smoke2_20260423_021612_grad350.pt (grad=350 env=350)
2026-04-23 02:17:18,569 INFO [mkw_rl.rl.train] saved checkpoint runs/btr/smoke2_20260423_021612_grad400.pt (grad=400 env=401)
2026-04-23 02:17:18,572 INFO [mkw_rl.rl.train] pruned old checkpoint runs/btr/smoke2_20260423_021612_grad100.pt
2026-04-23 02:17:26,600 INFO [mkw_rl.rl.train] saved checkpoint runs/btr/smoke2_20260423_021612_grad450.pt (grad=450 env=450)
2026-04-23 02:17:26,603 INFO [mkw_rl.rl.train] pruned old checkpoint runs/btr/smoke2_20260423_021612_grad200.pt
2026-04-23 02:17:31,850 INFO [mkw_rl.rl.train] ep=1[env=0] track=luigi_circuit_tt return=-24.05 len=226 env_steps=487 grad_steps=486
2026-04-23 02:17:34,011 INFO [mkw_rl.rl.train] ep=2[env=0] track=luigi_circuit_tt return=0.01 len=5 env_steps=501 grad_steps=499
2026-04-23 02:17:34,033 INFO [mkw_rl.rl.train] ep=3[env=1] track=luigi_circuit_tt return=-13.06 len=209 env_steps=502 grad_steps=499
2026-04-23 02:17:34,109 INFO [mkw_rl.rl.train] saved checkpoint runs/btr/smoke2_20260423_021612_final.pt (grad=499 env=502)
